[INFO] Scanning for projects...
[INFO] 
[INFO] ------------------------< kwee.ing2ofx:ing2ofx >------------------------
[INFO] Building ing2ofx 1.0.0.1
[INFO] --------------------------------[ jar ]---------------------------------
[INFO] 
[INFO] --- maven-clean-plugin:2.5:clean (default-clean) @ ing2ofx ---
[INFO] Deleting F:\dev\Tools\ing2ofx\target
[INFO] 
[INFO] --- jaxb2-maven-plugin:3.1.0:xjc (xjc) @ ing2ofx ---
[INFO] Created EpisodePath [F:\dev\Tools\ing2ofx\target\generated-sources\jaxb\META-INF\JAXB]: true
[INFO] Ignored given or default xjbSources [F:\dev\Tools\ing2ofx\src\main\xjb], since it is not an existent file or directory.
[INFO] Created EpisodePath [F:\dev\Tools\ing2ofx\target\generated-sources\jaxb\META-INF\JAXB]: true
[INFO] 
[INFO] --- maven-resources-plugin:3.0.1:resources (default-resources) @ ing2ofx ---
[INFO] Using 'UTF-8' encoding to copy filtered resources.
[INFO] Copying 9 resources
[INFO] Copying 1 resource
[INFO] Copying 1 resource
[INFO] 
[INFO] --- maven-resources-plugin:3.0.1:copy-resources (readme-md) @ ing2ofx ---
[INFO] Using 'UTF-8' encoding to copy filtered resources.
[INFO] Copying 3 resources
[INFO] 
[INFO] --- exec-maven-plugin:3.1.0:exec (ING2OFXHelpEn) @ ing2ofx ---

F:\dev\Tools\ing2ofx\help\en>REM Batch file for generating a CHM file. 

F:\dev\Tools\ing2ofx\help\en>REM The hhc.exe returns an exit code 1, when the command is successfull.... 

F:\dev\Tools\ing2ofx\help\en>REM This batch file superseeds the exit code to 0  

F:\dev\Tools\ing2ofx\help\en>"C:\Program Files (x86)\HTML Help Workshop\hhc" ing2ofx.hhp 
Microsoft HTML Help Compiler 4.74.8702

Compiling f:\dev\Tools\ing2ofx\help\en\ing2ofx.chm


Compile time: 0 minutes, 3 seconds
7	Topics
10	Local links
2	Internet links
2	Graphics


Created f:\dev\Tools\ing2ofx\help\en\ing2ofx.chm, 66,932 bytes
Compression decreased file by 23,722 bytes.

F:\dev\Tools\ing2ofx\help\en>exit 0 
[INFO] 
[INFO] --- exec-maven-plugin:3.1.0:exec (ING2OFXHelpNl) @ ing2ofx ---

F:\dev\Tools\ing2ofx\help\nl>REM Batch file for generating a CHM file. 

F:\dev\Tools\ing2ofx\help\nl>REM The hhc.exe returns an exit code 1, when the command is successfull.... 

F:\dev\Tools\ing2ofx\help\nl>REM This batch file superseeds the exit code to 0  

F:\dev\Tools\ing2ofx\help\nl>"C:\Program Files (x86)\HTML Help Workshop\hhc" ing2ofx.hhp 
Microsoft HTML Help Compiler 4.74.8702

Compiling f:\dev\Tools\ing2ofx\help\nl\ing2ofx.chm


Compile time: 0 minutes, 2 seconds
7	Topics
10	Local links
2	Internet links
2	Graphics


Created f:\dev\Tools\ing2ofx\help\nl\ing2ofx.chm, 70,104 bytes
Compression decreased file by 23,795 bytes.

F:\dev\Tools\ing2ofx\help\nl>exit 0 
[INFO] 
[INFO] --- maven-compiler-plugin:3.8.1:compile (default-compile) @ ing2ofx ---
[INFO] Changes detected - recompiling the module!
[INFO] Compiling 159 source files to F:\dev\Tools\ing2ofx\target\classes
[INFO] /F:/dev/Tools/ing2ofx/src/main/java/kwee/ing2ofx/gui/GUILayout.java: Some input files use or override a deprecated API.
[INFO] /F:/dev/Tools/ing2ofx/src/main/java/kwee/ing2ofx/gui/GUILayout.java: Recompile with -Xlint:deprecation for details.
[INFO] 
[INFO] --- maven-resources-plugin:3.0.1:testResources (default-testResources) @ ing2ofx ---
[INFO] Using 'UTF-8' encoding to copy filtered resources.
[INFO] Copying 168 resources
[INFO] 
[INFO] --- maven-compiler-plugin:3.8.1:testCompile (default-testCompile) @ ing2ofx ---
[INFO] Changes detected - recompiling the module!
[INFO] Compiling 23 source files to F:\dev\Tools\ing2ofx\target\test-classes
[INFO] /F:/dev/Tools/ing2ofx/src/test/java/zandbak/GitHubUpdateChecker.java: F:\dev\Tools\ing2ofx\src\test\java\zandbak\GitHubUpdateChecker.java uses or overrides a deprecated API.
[INFO] /F:/dev/Tools/ing2ofx/src/test/java/zandbak/GitHubUpdateChecker.java: Recompile with -Xlint:deprecation for details.
[INFO] 
[INFO] --- maven-surefire-plugin:2.22.1:test (default-test) @ ing2ofx ---
[INFO] 
[INFO] -------------------------------------------------------
[INFO]  T E S T S
[INFO] -------------------------------------------------------
[INFO] Running kwee.convertor.ing.convertor.Ing2OfxTransactionTest
[INFO] Tests run: 2, Failures: 0, Errors: 0, Skipped: 0, Time elapsed: 0.053 s - in kwee.convertor.ing.convertor.Ing2OfxTransactionTest
[INFO] Running kwee.convertor.ing.convertor.IngTransactionsTest
[INFO] Tests run: 8, Failures: 0, Errors: 0, Skipped: 0, Time elapsed: 0.045 s - in kwee.convertor.ing.convertor.IngTransactionsTest
[INFO] Running kwee.ing2ofx.gui.EngGUILayoutTest
[ERROR] Tests run: 9, Failures: 9, Errors: 0, Skipped: 0, Time elapsed: 96.22 s <<< FAILURE! - in kwee.ing2ofx.gui.EngGUILayoutTest
[ERROR] testGUILayoutINGEng(kwee.ing2ofx.gui.EngGUILayoutTest)  Time elapsed: 16.42 s  <<< FAILURE!
junit.framework.AssertionFailedError
	at kwee.ing2ofx.gui.EngGUILayoutTest.AssertXmlFile(EngGUILayoutTest.java:579)
	at kwee.ing2ofx.gui.EngGUILayoutTest.testGUILayoutINGEng(EngGUILayoutTest.java:226)

[ERROR] testGUILayoutING(kwee.ing2ofx.gui.EngGUILayoutTest)  Time elapsed: 10.21 s  <<< FAILURE!
junit.framework.AssertionFailedError
	at kwee.ing2ofx.gui.EngGUILayoutTest.AssertXmlFile(EngGUILayoutTest.java:579)
	at kwee.ing2ofx.gui.EngGUILayoutTest.testGUILayoutING(EngGUILayoutTest.java:148)

[ERROR] testGUILayoutSNS(kwee.ing2ofx.gui.EngGUILayoutTest)  Time elapsed: 5.166 s  <<< FAILURE!
junit.framework.AssertionFailedError
	at kwee.ing2ofx.gui.EngGUILayoutTest.AssertXmlFile(EngGUILayoutTest.java:579)
	at kwee.ing2ofx.gui.EngGUILayoutTest.testGUILayoutSNS(EngGUILayoutTest.java:304)

[ERROR] testGUILayoutINGSaving(kwee.ing2ofx.gui.EngGUILayoutTest)  Time elapsed: 4.856 s  <<< FAILURE!
junit.framework.AssertionFailedError
	at kwee.ing2ofx.gui.EngGUILayoutTest.AssertXmlFile(EngGUILayoutTest.java:579)
	at kwee.ing2ofx.gui.EngGUILayoutTest.testGUILayoutINGSaving(EngGUILayoutTest.java:186)

[ERROR] testGUILayoutCombineSyn(kwee.ing2ofx.gui.EngGUILayoutTest)  Time elapsed: 7.418 s  <<< FAILURE!
junit.framework.AssertionFailedError
	at kwee.ing2ofx.gui.EngGUILayoutTest.AssertXmlFile(EngGUILayoutTest.java:579)
	at kwee.ing2ofx.gui.EngGUILayoutTest.testGUILayoutCombineSyn(EngGUILayoutTest.java:411)

[ERROR] testGUILayoutCombine(kwee.ing2ofx.gui.EngGUILayoutTest)  Time elapsed: 16.977 s  <<< FAILURE!
junit.framework.AssertionFailedError
	at kwee.ing2ofx.gui.EngGUILayoutTest.AssertXmlFile(EngGUILayoutTest.java:579)
	at kwee.ing2ofx.gui.EngGUILayoutTest.testGUILayoutCombine(EngGUILayoutTest.java:347)

[ERROR] testGUILayoutINGSavingEng(kwee.ing2ofx.gui.EngGUILayoutTest)  Time elapsed: 5.544 s  <<< FAILURE!
junit.framework.AssertionFailedError
	at kwee.ing2ofx.gui.EngGUILayoutTest.AssertXmlFile(EngGUILayoutTest.java:579)
	at kwee.ing2ofx.gui.EngGUILayoutTest.testGUILayoutINGSavingEng(EngGUILayoutTest.java:264)

[ERROR] testGUILayoutOneByOne(kwee.ing2ofx.gui.EngGUILayoutTest)  Time elapsed: 16.378 s  <<< FAILURE!
junit.framework.AssertionFailedError
	at kwee.ing2ofx.gui.EngGUILayoutTest.AssertXmlFile(EngGUILayoutTest.java:579)
	at kwee.ing2ofx.gui.EngGUILayoutTest.testGUILayoutOneByOne(EngGUILayoutTest.java:541)

[ERROR] testGUILayoutDouble(kwee.ing2ofx.gui.EngGUILayoutTest)  Time elapsed: 13.249 s  <<< FAILURE!
junit.framework.AssertionFailedError
	at kwee.ing2ofx.gui.EngGUILayoutTest.AssertXmlFile(EngGUILayoutTest.java:579)
	at kwee.ing2ofx.gui.EngGUILayoutTest.testGUILayoutDouble(EngGUILayoutTest.java:473)

[INFO] Running kwee.ing2ofx.gui.GUILayoutTest
[ERROR] Tests run: 8, Failures: 4, Errors: 0, Skipped: 0, Time elapsed: 114.662 s <<< FAILURE! - in kwee.ing2ofx.gui.GUILayoutTest
[ERROR] testGUILayoutCombine(kwee.ing2ofx.gui.GUILayoutTest)  Time elapsed: 15.901 s  <<< FAILURE!
junit.framework.AssertionFailedError
	at kwee.ing2ofx.gui.GUILayoutTest.AssertFile(GUILayoutTest.java:648)
	at kwee.ing2ofx.gui.GUILayoutTest.testGUILayoutCombine(GUILayoutTest.java:396)

[ERROR] testGUILayoutSNSMemo(kwee.ing2ofx.gui.GUILayoutTest)  Time elapsed: 11.901 s  <<< FAILURE!
junit.framework.AssertionFailedError
	at kwee.ing2ofx.gui.GUILayoutTest.AssertXmlFile(GUILayoutTest.java:630)
	at kwee.ing2ofx.gui.GUILayoutTest.testGUILayoutSNSMemo(GUILayoutTest.java:353)

[ERROR] testGUILayoutOneByOne(kwee.ing2ofx.gui.GUILayoutTest)  Time elapsed: 13.907 s  <<< FAILURE!
junit.framework.AssertionFailedError
	at kwee.ing2ofx.gui.GUILayoutTest.AssertFile(GUILayoutTest.java:648)
	at kwee.ing2ofx.gui.GUILayoutTest.testGUILayoutOneByOne(GUILayoutTest.java:591)

[ERROR] testGUILayoutDouble(kwee.ing2ofx.gui.GUILayoutTest)  Time elapsed: 28.682 s  <<< FAILURE!
junit.framework.AssertionFailedError
	at kwee.ing2ofx.gui.GUILayoutTest.AssertXmlFile(GUILayoutTest.java:630)
	at kwee.ing2ofx.gui.GUILayoutTest.testGUILayoutDouble(GUILayoutTest.java:523)

[INFO] 
[INFO] Results:
[INFO] 
[ERROR] Failures: 
[ERROR]   EngGUILayoutTest.testGUILayoutCombine:347->AssertXmlFile:579
[ERROR]   EngGUILayoutTest.testGUILayoutCombineSyn:411->AssertXmlFile:579
[ERROR]   EngGUILayoutTest.testGUILayoutDouble:473->AssertXmlFile:579
[ERROR]   EngGUILayoutTest.testGUILayoutING:148->AssertXmlFile:579
[ERROR]   EngGUILayoutTest.testGUILayoutINGEng:226->AssertXmlFile:579
[ERROR]   EngGUILayoutTest.testGUILayoutINGSaving:186->AssertXmlFile:579
[ERROR]   EngGUILayoutTest.testGUILayoutINGSavingEng:264->AssertXmlFile:579
[ERROR]   EngGUILayoutTest.testGUILayoutOneByOne:541->AssertXmlFile:579
[ERROR]   EngGUILayoutTest.testGUILayoutSNS:304->AssertXmlFile:579
[ERROR]   GUILayoutTest.testGUILayoutCombine:396->AssertFile:648
[ERROR]   GUILayoutTest.testGUILayoutDouble:523->AssertXmlFile:630
[ERROR]   GUILayoutTest.testGUILayoutOneByOne:591->AssertFile:648
[ERROR]   GUILayoutTest.testGUILayoutSNSMemo:353->AssertXmlFile:630
[INFO] 
[ERROR] Tests run: 27, Failures: 13, Errors: 0, Skipped: 0
[INFO] 
[ERROR] There are test failures.

Please refer to F:\dev\Tools\ing2ofx\target\surefire-reports for the individual test results.
Please refer to dump files (if any exist) [date].dump, [date]-jvmRun[N].dump and [date].dumpstream.
[INFO] 
[INFO] --- maven-jar-plugin:2.4:jar (default-jar) @ ing2ofx ---
[INFO] Building jar: F:\dev\Tools\ing2ofx\target\ing2ofx-1.0.0.1.jar
[INFO] 
[INFO] --- maven-assembly-plugin:2.2-beta-5:single (default) @ ing2ofx ---
[INFO] META-INF/MANIFEST.MF already added, skipping
[INFO] META-INF/ already added, skipping
[INFO] META-INF/maven/ already added, skipping
[INFO] META-INF/ already added, skipping
[INFO] META-INF/MANIFEST.MF already added, skipping
[INFO] META-INF/ already added, skipping
[INFO] META-INF/MANIFEST.MF already added, skipping
[INFO] META-INF/maven/ already added, skipping
[INFO] META-INF/ already added, skipping
[INFO] META-INF/MANIFEST.MF already added, skipping
[INFO] org/ already added, skipping
[INFO] META-INF/maven/ already added, skipping
[INFO] META-INF/ already added, skipping
[INFO] META-INF/MANIFEST.MF already added, skipping
[INFO] META-INF/maven/ already added, skipping
[INFO] META-INF/ already added, skipping
[INFO] META-INF/MANIFEST.MF already added, skipping
[INFO] com/ already added, skipping
[INFO] META-INF/maven/ already added, skipping
[INFO] META-INF/ already added, skipping
[INFO] META-INF/MANIFEST.MF already added, skipping
[INFO] com/ already added, skipping
[INFO] com/github/ already added, skipping
[INFO] com/github/filosganga/ already added, skipping
[INFO] com/github/filosganga/geogson/ already added, skipping
[INFO] META-INF/maven/ already added, skipping
[INFO] META-INF/maven/com.github.filosganga/ already added, skipping
[INFO] META-INF/MANIFEST.MF already added, skipping
[INFO] META-INF/ already added, skipping
[INFO] META-INF/maven/ already added, skipping
[INFO] com/ already added, skipping
[INFO] com/google/ already added, skipping
[INFO] META-INF/ already added, skipping
[INFO] META-INF/MANIFEST.MF already added, skipping
[INFO] com/ already added, skipping
[INFO] META-INF/maven/ already added, skipping
[INFO] META-INF/MANIFEST.MF already added, skipping
[INFO] META-INF/ already added, skipping
[INFO] org/ already added, skipping
[INFO] META-INF/maven/ already added, skipping
[INFO] META-INF/MANIFEST.MF already added, skipping
[INFO] META-INF/ already added, skipping
[INFO] org/ already added, skipping
[INFO] org/apache/ already added, skipping
[INFO] org/apache/http/ already added, skipping
[INFO] org/apache/http/impl/ already added, skipping
[INFO] META-INF/maven/ already added, skipping
[INFO] META-INF/maven/org.apache.httpcomponents/ already added, skipping
[INFO] META-INF/LICENSE already added, skipping
[INFO] META-INF/DEPENDENCIES already added, skipping
[INFO] META-INF/NOTICE already added, skipping
[INFO] META-INF/ already added, skipping
[INFO] META-INF/MANIFEST.MF already added, skipping
[INFO] org/ already added, skipping
[INFO] org/apache/ already added, skipping
[INFO] META-INF/maven/ already added, skipping
[INFO] META-INF/MANIFEST.MF already added, skipping
[INFO] META-INF/ already added, skipping
[INFO] org/ already added, skipping
[INFO] org/apache/ already added, skipping
[INFO] org/apache/commons/ already added, skipping
[INFO] META-INF/maven/ already added, skipping
[INFO] META-INF/LICENSE.txt already added, skipping
[INFO] META-INF/NOTICE.txt already added, skipping
[INFO] META-INF/ already added, skipping
[INFO] META-INF/MANIFEST.MF already added, skipping
[INFO] META-INF/LICENSE already added, skipping
[INFO] META-INF/ already added, skipping
[INFO] META-INF/MANIFEST.MF already added, skipping
[INFO] com/ already added, skipping
[INFO] META-INF/ already added, skipping
[INFO] META-INF/MANIFEST.MF already added, skipping
[INFO] META-INF/ already added, skipping
[INFO] META-INF/MANIFEST.MF already added, skipping
[INFO] com/ already added, skipping
[INFO] com/sun/ already added, skipping
[INFO] com/sun/javafx/ already added, skipping
[INFO] com/sun/javafx/beans/ already added, skipping
[INFO] com/sun/javafx/runtime/ already added, skipping
[INFO] javafx/ already added, skipping
[INFO] META-INF/substrate/ already added, skipping
[INFO] META-INF/substrate/config/ already added, skipping
[INFO] META-INF/substrate/config/reflectionconfig.json already added, skipping
[INFO] module-info.class already added, skipping
[INFO] META-INF/ already added, skipping
[INFO] META-INF/MANIFEST.MF already added, skipping
[INFO] META-INF/ already added, skipping
[INFO] META-INF/MANIFEST.MF already added, skipping
[INFO] com/ already added, skipping
[INFO] com/sun/ already added, skipping
[INFO] com/sun/javafx/ already added, skipping
[INFO] com/sun/javafx/scene/ already added, skipping
[INFO] javafx/ already added, skipping
[INFO] javafx/scene/ already added, skipping
[INFO] META-INF/substrate/ already added, skipping
[INFO] META-INF/substrate/config/ already added, skipping
[INFO] META-INF/substrate/config/reflectionconfig-aarch64-android.json already added, skipping
[INFO] META-INF/substrate/config/reflectionconfig-arm64-ios.json already added, skipping
[INFO] META-INF/substrate/config/reflectionconfig-x86_64-ios.json already added, skipping
[INFO] META-INF/substrate/config/reflectionconfig.json already added, skipping
[INFO] META-INF/substrate/config/resourcebundles already added, skipping
[INFO] module-info.class already added, skipping
[INFO] META-INF/ already added, skipping
[INFO] META-INF/MANIFEST.MF already added, skipping
[INFO] META-INF/ already added, skipping
[INFO] META-INF/MANIFEST.MF already added, skipping
[INFO] META-INF/maven/ already added, skipping
[INFO] com/ already added, skipping
[INFO] net/ already added, skipping
[INFO] net/n3/nanoxml/CDATAReader.class already added, skipping
[INFO] net/n3/nanoxml/ContentReader.class already added, skipping
[INFO] net/n3/nanoxml/IXMLBuilder.class already added, skipping
[INFO] net/n3/nanoxml/IXMLElement.class already added, skipping
[INFO] net/n3/nanoxml/IXMLEntityResolver.class already added, skipping
[INFO] net/n3/nanoxml/IXMLParser.class already added, skipping
[INFO] net/n3/nanoxml/IXMLReader.class already added, skipping
[INFO] net/n3/nanoxml/IXMLValidator.class already added, skipping
[INFO] net/n3/nanoxml/NonValidator.class already added, skipping
[INFO] net/n3/nanoxml/PIReader.class already added, skipping
[INFO] net/n3/nanoxml/StdXMLBuilder.class already added, skipping
[INFO] net/n3/nanoxml/StdXMLParser.class already added, skipping
[INFO] net/n3/nanoxml/StdXMLReader$1.class already added, skipping
[INFO] net/n3/nanoxml/StdXMLReader$StackedReader.class already added, skipping
[INFO] net/n3/nanoxml/StdXMLReader.class already added, skipping
[INFO] net/n3/nanoxml/ValidatorPlugin.class already added, skipping
[INFO] net/n3/nanoxml/XMLAttribute.class already added, skipping
[INFO] net/n3/nanoxml/XMLElement.class already added, skipping
[INFO] net/n3/nanoxml/XMLEntityResolver.class already added, skipping
[INFO] net/n3/nanoxml/XMLException.class already added, skipping
[INFO] net/n3/nanoxml/XMLParseException.class already added, skipping
[INFO] net/n3/nanoxml/XMLParserFactory.class already added, skipping
[INFO] net/n3/nanoxml/XMLUtil.class already added, skipping
[INFO] net/n3/nanoxml/XMLValidationException.class already added, skipping
[INFO] net/n3/nanoxml/XMLWriter.class already added, skipping
[INFO] META-INF/ already added, skipping
[INFO] META-INF/MANIFEST.MF already added, skipping
[INFO] org/ already added, skipping
[INFO] META-INF/maven/ already added, skipping
[INFO] META-INF/MANIFEST.MF already added, skipping
[INFO] META-INF/ already added, skipping
[INFO] META-INF/maven/ already added, skipping
[INFO] META-INF/ already added, skipping
[INFO] META-INF/MANIFEST.MF already added, skipping
[INFO] net/ already added, skipping
[INFO] META-INF/ already added, skipping
[INFO] META-INF/MANIFEST.MF already added, skipping
[INFO] META-INF/maven/ already added, skipping
[INFO] module-info.class already added, skipping
[INFO] META-INF/MANIFEST.MF already added, skipping
[INFO] META-INF/ already added, skipping
[INFO] jakarta/ already added, skipping
[INFO] META-INF/maven/ already added, skipping
[INFO] META-INF/LICENSE.md already added, skipping
[INFO] META-INF/NOTICE.md already added, skipping
[INFO] module-info.class already added, skipping
[INFO] META-INF/MANIFEST.MF already added, skipping
[INFO] META-INF/ already added, skipping
[INFO] com/ already added, skipping
[INFO] META-INF/maven/ already added, skipping
[INFO] META-INF/MANIFEST.MF already added, skipping
[INFO] META-INF/ already added, skipping
[INFO] org/ already added, skipping
[INFO] org/apache/ already added, skipping
[INFO] org/apache/commons/ already added, skipping
[INFO] META-INF/maven/ already added, skipping
[INFO] META-INF/LICENSE.txt already added, skipping
[INFO] META-INF/NOTICE.txt already added, skipping
[INFO] META-INF/MANIFEST.MF already added, skipping
[INFO] META-INF/ already added, skipping
[INFO] org/ already added, skipping
[INFO] org/apache/ already added, skipping
[INFO] org/apache/commons/ already added, skipping
[INFO] META-INF/maven/ already added, skipping
[INFO] META-INF/maven/org.apache.commons/ already added, skipping
[INFO] META-INF/LICENSE.txt already added, skipping
[INFO] META-INF/NOTICE.txt already added, skipping
[INFO] META-INF/MANIFEST.MF already added, skipping
[INFO] META-INF/ already added, skipping
[INFO] org/ already added, skipping
[INFO] org/apache/ already added, skipping
[INFO] org/apache/commons/ already added, skipping
[INFO] META-INF/maven/ already added, skipping
[INFO] META-INF/LICENSE.txt already added, skipping
[INFO] META-INF/NOTICE.txt already added, skipping
[INFO] META-INF/ already added, skipping
[INFO] META-INF/MANIFEST.MF already added, skipping
[INFO] org/ already added, skipping
[INFO] org/apache/ already added, skipping
[INFO] org/apache/commons/ already added, skipping
[INFO] META-INF/NOTICE.txt already added, skipping
[INFO] META-INF/LICENSE.txt already added, skipping
[INFO] META-INF/maven/ already added, skipping
[INFO] META-INF/MANIFEST.MF already added, skipping
[INFO] META-INF/ already added, skipping
[INFO] org/ already added, skipping
[INFO] org/apache/ already added, skipping
[INFO] org/apache/commons/ already added, skipping
[INFO] META-INF/maven/ already added, skipping
[INFO] META-INF/LICENSE.txt already added, skipping
[INFO] META-INF/NOTICE.txt already added, skipping
[INFO] META-INF/ already added, skipping
[INFO] META-INF/MANIFEST.MF already added, skipping
[INFO] META-INF/maven/ already added, skipping
[INFO] org/ already added, skipping
[INFO] META-INF/LICENSE.md already added, skipping
[INFO] META-INF/NOTICE.md already added, skipping
[INFO] module-info.class already added, skipping
[INFO] META-INF/ already added, skipping
[INFO] META-INF/MANIFEST.MF already added, skipping
[INFO] META-INF/maven/ already added, skipping
[INFO] META-INF/maven/org.glassfish.jaxb/ already added, skipping
[INFO] org/ already added, skipping
[INFO] org/glassfish/ already added, skipping
[INFO] org/glassfish/jaxb/ already added, skipping
[INFO] com/ already added, skipping
[INFO] com/sun/ already added, skipping
[INFO] META-INF/maven/com.sun.xml.bind/ already added, skipping
[INFO] META-INF/LICENSE.md already added, skipping
[INFO] META-INF/NOTICE.md already added, skipping
[INFO] module-info.class already added, skipping
[INFO] META-INF/MANIFEST.MF already added, skipping
[INFO] META-INF/ already added, skipping
[INFO] META-INF/services/ already added, skipping
[INFO] com/ already added, skipping
[INFO] com/sun/ already added, skipping
[INFO] META-INF/maven/ already added, skipping
[INFO] META-INF/LICENSE.md already added, skipping
[INFO] META-INF/NOTICE.md already added, skipping
[INFO] module-info.class already added, skipping
[INFO] Building jar: F:\dev\Tools\ing2ofx\target\ing2ofx-jar-with-dependencies.jar
[INFO] META-INF/MANIFEST.MF already added, skipping
[INFO] META-INF/ already added, skipping
[INFO] META-INF/maven/ already added, skipping
[INFO] META-INF/ already added, skipping
[INFO] META-INF/MANIFEST.MF already added, skipping
[INFO] META-INF/ already added, skipping
[INFO] META-INF/MANIFEST.MF already added, skipping
[INFO] META-INF/maven/ already added, skipping
[INFO] META-INF/ already added, skipping
[INFO] META-INF/MANIFEST.MF already added, skipping
[INFO] org/ already added, skipping
[INFO] META-INF/maven/ already added, skipping
[INFO] META-INF/ already added, skipping
[INFO] META-INF/MANIFEST.MF already added, skipping
[INFO] META-INF/maven/ already added, skipping
[INFO] META-INF/ already added, skipping
[INFO] META-INF/MANIFEST.MF already added, skipping
[INFO] com/ already added, skipping
[INFO] META-INF/maven/ already added, skipping
[INFO] META-INF/ already added, skipping
[INFO] META-INF/MANIFEST.MF already added, skipping
[INFO] com/ already added, skipping
[INFO] com/github/ already added, skipping
[INFO] com/github/filosganga/ already added, skipping
[INFO] com/github/filosganga/geogson/ already added, skipping
[INFO] META-INF/maven/ already added, skipping
[INFO] META-INF/maven/com.github.filosganga/ already added, skipping
[INFO] META-INF/MANIFEST.MF already added, skipping
[INFO] META-INF/ already added, skipping
[INFO] META-INF/maven/ already added, skipping
[INFO] com/ already added, skipping
[INFO] com/google/ already added, skipping
[INFO] META-INF/ already added, skipping
[INFO] META-INF/MANIFEST.MF already added, skipping
[INFO] com/ already added, skipping
[INFO] META-INF/maven/ already added, skipping
[INFO] META-INF/MANIFEST.MF already added, skipping
[INFO] META-INF/ already added, skipping
[INFO] org/ already added, skipping
[INFO] META-INF/maven/ already added, skipping
[INFO] META-INF/MANIFEST.MF already added, skipping
[INFO] META-INF/ already added, skipping
[INFO] org/ already added, skipping
[INFO] org/apache/ already added, skipping
[INFO] org/apache/http/ already added, skipping
[INFO] org/apache/http/impl/ already added, skipping
[INFO] META-INF/maven/ already added, skipping
[INFO] META-INF/maven/org.apache.httpcomponents/ already added, skipping
[INFO] META-INF/LICENSE already added, skipping
[INFO] META-INF/DEPENDENCIES already added, skipping
[INFO] META-INF/NOTICE already added, skipping
[INFO] META-INF/ already added, skipping
[INFO] META-INF/MANIFEST.MF already added, skipping
[INFO] org/ already added, skipping
[INFO] org/apache/ already added, skipping
[INFO] META-INF/maven/ already added, skipping
[INFO] META-INF/MANIFEST.MF already added, skipping
[INFO] META-INF/ already added, skipping
[INFO] org/ already added, skipping
[INFO] org/apache/ already added, skipping
[INFO] org/apache/commons/ already added, skipping
[INFO] META-INF/maven/ already added, skipping
[INFO] META-INF/LICENSE.txt already added, skipping
[INFO] META-INF/NOTICE.txt already added, skipping
[INFO] META-INF/ already added, skipping
[INFO] META-INF/MANIFEST.MF already added, skipping
[INFO] META-INF/LICENSE already added, skipping
[INFO] META-INF/ already added, skipping
[INFO] META-INF/MANIFEST.MF already added, skipping
[INFO] com/ already added, skipping
[INFO] META-INF/ already added, skipping
[INFO] META-INF/MANIFEST.MF already added, skipping
[INFO] META-INF/ already added, skipping
[INFO] META-INF/MANIFEST.MF already added, skipping
[INFO] com/ already added, skipping
[INFO] com/sun/ already added, skipping
[INFO] com/sun/javafx/ already added, skipping
[INFO] com/sun/javafx/beans/ already added, skipping
[INFO] com/sun/javafx/runtime/ already added, skipping
[INFO] javafx/ already added, skipping
[INFO] META-INF/substrate/ already added, skipping
[INFO] META-INF/substrate/config/ already added, skipping
[INFO] META-INF/substrate/config/reflectionconfig.json already added, skipping
[INFO] module-info.class already added, skipping
[INFO] META-INF/ already added, skipping
[INFO] META-INF/MANIFEST.MF already added, skipping
[INFO] META-INF/ already added, skipping
[INFO] META-INF/MANIFEST.MF already added, skipping
[INFO] com/ already added, skipping
[INFO] com/sun/ already added, skipping
[INFO] com/sun/javafx/ already added, skipping
[INFO] com/sun/javafx/scene/ already added, skipping
[INFO] javafx/ already added, skipping
[INFO] javafx/scene/ already added, skipping
[INFO] META-INF/substrate/ already added, skipping
[INFO] META-INF/substrate/config/ already added, skipping
[INFO] META-INF/substrate/config/reflectionconfig-aarch64-android.json already added, skipping
[INFO] META-INF/substrate/config/reflectionconfig-arm64-ios.json already added, skipping
[INFO] META-INF/substrate/config/reflectionconfig-x86_64-ios.json already added, skipping
[INFO] META-INF/substrate/config/reflectionconfig.json already added, skipping
[INFO] META-INF/substrate/config/resourcebundles already added, skipping
[INFO] module-info.class already added, skipping
[INFO] META-INF/ already added, skipping
[INFO] META-INF/MANIFEST.MF already added, skipping
[INFO] META-INF/ already added, skipping
[INFO] META-INF/MANIFEST.MF already added, skipping
[INFO] META-INF/maven/ already added, skipping
[INFO] com/ already added, skipping
[INFO] net/ already added, skipping
[INFO] net/n3/nanoxml/CDATAReader.class already added, skipping
[INFO] net/n3/nanoxml/ContentReader.class already added, skipping
[INFO] net/n3/nanoxml/IXMLBuilder.class already added, skipping
[INFO] net/n3/nanoxml/IXMLElement.class already added, skipping
[INFO] net/n3/nanoxml/IXMLEntityResolver.class already added, skipping
[INFO] net/n3/nanoxml/IXMLParser.class already added, skipping
[INFO] net/n3/nanoxml/IXMLReader.class already added, skipping
[INFO] net/n3/nanoxml/IXMLValidator.class already added, skipping
[INFO] net/n3/nanoxml/NonValidator.class already added, skipping
[INFO] net/n3/nanoxml/PIReader.class already added, skipping
[INFO] net/n3/nanoxml/StdXMLBuilder.class already added, skipping
[INFO] net/n3/nanoxml/StdXMLParser.class already added, skipping
[INFO] net/n3/nanoxml/StdXMLReader$1.class already added, skipping
[INFO] net/n3/nanoxml/StdXMLReader$StackedReader.class already added, skipping
[INFO] net/n3/nanoxml/StdXMLReader.class already added, skipping
[INFO] net/n3/nanoxml/ValidatorPlugin.class already added, skipping
[INFO] net/n3/nanoxml/XMLAttribute.class already added, skipping
[INFO] net/n3/nanoxml/XMLElement.class already added, skipping
[INFO] net/n3/nanoxml/XMLEntityResolver.class already added, skipping
[INFO] net/n3/nanoxml/XMLException.class already added, skipping
[INFO] net/n3/nanoxml/XMLParseException.class already added, skipping
[INFO] net/n3/nanoxml/XMLParserFactory.class already added, skipping
[INFO] net/n3/nanoxml/XMLUtil.class already added, skipping
[INFO] net/n3/nanoxml/XMLValidationException.class already added, skipping
[INFO] net/n3/nanoxml/XMLWriter.class already added, skipping
[INFO] META-INF/ already added, skipping
[INFO] META-INF/MANIFEST.MF already added, skipping
[INFO] org/ already added, skipping
[INFO] META-INF/maven/ already added, skipping
[INFO] META-INF/MANIFEST.MF already added, skipping
[INFO] META-INF/ already added, skipping
[INFO] META-INF/maven/ already added, skipping
[INFO] META-INF/ already added, skipping
[INFO] META-INF/MANIFEST.MF already added, skipping
[INFO] net/ already added, skipping
[INFO] META-INF/ already added, skipping
[INFO] META-INF/MANIFEST.MF already added, skipping
[INFO] META-INF/maven/ already added, skipping
[INFO] module-info.class already added, skipping
[INFO] META-INF/MANIFEST.MF already added, skipping
[INFO] META-INF/ already added, skipping
[INFO] jakarta/ already added, skipping
[INFO] META-INF/maven/ already added, skipping
[INFO] META-INF/LICENSE.md already added, skipping
[INFO] META-INF/NOTICE.md already added, skipping
[INFO] module-info.class already added, skipping
[INFO] META-INF/MANIFEST.MF already added, skipping
[INFO] META-INF/ already added, skipping
[INFO] com/ already added, skipping
[INFO] META-INF/maven/ already added, skipping
[INFO] META-INF/MANIFEST.MF already added, skipping
[INFO] META-INF/ already added, skipping
[INFO] org/ already added, skipping
[INFO] org/apache/ already added, skipping
[INFO] org/apache/commons/ already added, skipping
[INFO] META-INF/maven/ already added, skipping
[INFO] META-INF/LICENSE.txt already added, skipping
[INFO] META-INF/NOTICE.txt already added, skipping
[INFO] META-INF/MANIFEST.MF already added, skipping
[INFO] META-INF/ already added, skipping
[INFO] org/ already added, skipping
[INFO] org/apache/ already added, skipping
[INFO] org/apache/commons/ already added, skipping
[INFO] META-INF/maven/ already added, skipping
[INFO] META-INF/maven/org.apache.commons/ already added, skipping
[INFO] META-INF/LICENSE.txt already added, skipping
[INFO] META-INF/NOTICE.txt already added, skipping
[INFO] META-INF/MANIFEST.MF already added, skipping
[INFO] META-INF/ already added, skipping
[INFO] org/ already added, skipping
[INFO] org/apache/ already added, skipping
[INFO] org/apache/commons/ already added, skipping
[INFO] META-INF/maven/ already added, skipping
[INFO] META-INF/LICENSE.txt already added, skipping
[INFO] META-INF/NOTICE.txt already added, skipping
[INFO] META-INF/ already added, skipping
[INFO] META-INF/MANIFEST.MF already added, skipping
[INFO] org/ already added, skipping
[INFO] org/apache/ already added, skipping
[INFO] org/apache/commons/ already added, skipping
[INFO] META-INF/NOTICE.txt already added, skipping
[INFO] META-INF/LICENSE.txt already added, skipping
[INFO] META-INF/maven/ already added, skipping
[INFO] META-INF/MANIFEST.MF already added, skipping
[INFO] META-INF/ already added, skipping
[INFO] org/ already added, skipping
[INFO] org/apache/ already added, skipping
[INFO] org/apache/commons/ already added, skipping
[INFO] META-INF/maven/ already added, skipping
[INFO] META-INF/LICENSE.txt already added, skipping
[INFO] META-INF/NOTICE.txt already added, skipping
[INFO] META-INF/ already added, skipping
[INFO] META-INF/MANIFEST.MF already added, skipping
[INFO] META-INF/maven/ already added, skipping
[INFO] org/ already added, skipping
[INFO] META-INF/LICENSE.md already added, skipping
[INFO] META-INF/NOTICE.md already added, skipping
[INFO] module-info.class already added, skipping
[INFO] META-INF/ already added, skipping
[INFO] META-INF/MANIFEST.MF already added, skipping
[INFO] META-INF/maven/ already added, skipping
[INFO] META-INF/maven/org.glassfish.jaxb/ already added, skipping
[INFO] org/ already added, skipping
[INFO] org/glassfish/ already added, skipping
[INFO] org/glassfish/jaxb/ already added, skipping
[INFO] com/ already added, skipping
[INFO] com/sun/ already added, skipping
[INFO] META-INF/maven/com.sun.xml.bind/ already added, skipping
[INFO] META-INF/LICENSE.md already added, skipping
[INFO] META-INF/NOTICE.md already added, skipping
[INFO] module-info.class already added, skipping
[INFO] META-INF/MANIFEST.MF already added, skipping
[INFO] META-INF/ already added, skipping
[INFO] META-INF/services/ already added, skipping
[INFO] com/ already added, skipping
[INFO] com/sun/ already added, skipping
[INFO] META-INF/maven/ already added, skipping
[INFO] META-INF/LICENSE.md already added, skipping
[INFO] META-INF/NOTICE.md already added, skipping
[INFO] module-info.class already added, skipping
[INFO] 
[INFO] --- maven-resources-plugin:3.0.1:copy-resources (helpfile) @ ing2ofx ---
[INFO] Using 'UTF-8' encoding to copy filtered resources.
[INFO] Copying 1 resource
[INFO] 
[INFO] --- maven-resources-plugin:3.0.1:copy-resources (helpfilenl) @ ing2ofx ---
[INFO] Using 'UTF-8' encoding to copy filtered resources.
[INFO] Copying 1 resource
[INFO] 
[INFO] --- launch4j-maven-plugin:2.1.2:launch4j (l4j-clui) @ ing2ofx ---
[INFO] Platform-specific work directory already exists: F:\data\.m3\repository\net\sf\launch4j\launch4j\3.14\launch4j-3.14-workdir-win32
[INFO] launch4j: Compiling resources
[INFO] launch4j: Linking
[INFO] launch4j: Wrapping
WARNING: Sign the executable to minimize antivirus false positives or use launching instead of wrapping.
[INFO] launch4j: Successfully created F:\dev\Tools\ing2ofx\target\ing2ofx.exe
[INFO] 
[INFO] --- jsign-maven-plugin:4.0:sign (default) @ ing2ofx ---
[INFO] Adding Authenticode signature to F:\dev\Tools\ing2ofx\target\ing2ofx.exe
[INFO] 
[INFO] --- exec-maven-plugin:3.1.0:exec (innoSetup) @ ing2ofx ---
Inno Setup 6 Command-Line Compiler
Copyright (C) 1997-2022 Jordan Russell. All rights reserved.
Portions Copyright (C) 2000-2022 Martijn Laan. All rights reserved.
Portions Copyright (C) 2001-2004 Alex Yackimoff. All rights reserved.
https://www.innosetup.com

Compiler engine version: Inno Setup 6.2.1

Preprocessing
   Reading file: C:\Program Files (x86)\Inno Setup 6\ISPPBuiltins.iss
Parsing [Setup] section, line 9
Parsing [Setup] section, line 10
Parsing [Setup] section, line 11
Parsing [Setup] section, line 12
Parsing [Setup] section, line 13
Parsing [Setup] section, line 14
Parsing [Setup] section, line 15
Parsing [Setup] section, line 16
Parsing [Setup] section, line 17
Parsing [Setup] section, line 18
Parsing [Setup] section, line 19
Parsing [Setup] section, line 20
Parsing [Setup] section, line 21
Parsing [Setup] section, line 22
Parsing [Setup] section, line 24
Parsing [Setup] section, line 25
Reading file (InfoBeforeFile)
Reading file (WizardImageFile)
Reading file (WizardSmallImageFile)
Preparing Setup program executable
   Updating icons (SETUP.E32)
   Updating version info (SETUP.E32)
Determining language code pages
   Reading file: C:\Program Files (x86)\Inno Setup 6\Default.isl
   Messages in script file
Reading default messages from Default.isl
Parsing [LangOptions], [Messages], and [CustomMessages] sections
   Reading file: C:\Program Files (x86)\Inno Setup 6\Default.isl
   Messages in script file
Reading [Code] section
Parsing [Tasks] section, line 34
Parsing [Icons] section, line 46
Parsing [Icons] section, line 47
Parsing [Registry] section, line 30
Parsing [Files] section, line 38
Parsing [Files] section, line 39
Parsing [Files] section, line 40
   Reading version info: F:\dev\Tools\ing2ofx\readme.txt
Parsing [Files] section, line 41
Parsing [Files] section, line 42
Parsing [Files] section, line 43
   Reading version info: F:\dev\Tools\ing2ofx\..\jre\DISCLAIMER
   Reading version info: F:\dev\Tools\ing2ofx\..\jre\org.eclipse.justj.properties
   Reading version info: F:\dev\Tools\ing2ofx\..\jre\readme.txt
   Reading version info: F:\dev\Tools\ing2ofx\..\jre\release
   Reading version info: F:\dev\Tools\ing2ofx\..\jre\Welcome.html
   Reading version info: F:\dev\Tools\ing2ofx\..\jre\bin\api-ms-win-core-console-l1-1-0.dll
   Reading version info: F:\dev\Tools\ing2ofx\..\jre\bin\api-ms-win-core-console-l1-2-0.dll
   Reading version info: F:\dev\Tools\ing2ofx\..\jre\bin\api-ms-win-core-datetime-l1-1-0.dll
   Reading version info: F:\dev\Tools\ing2ofx\..\jre\bin\api-ms-win-core-debug-l1-1-0.dll
   Reading version info: F:\dev\Tools\ing2ofx\..\jre\bin\api-ms-win-core-errorhandling-l1-1-0.dll
   Reading version info: F:\dev\Tools\ing2ofx\..\jre\bin\api-ms-win-core-file-l1-1-0.dll
   Reading version info: F:\dev\Tools\ing2ofx\..\jre\bin\api-ms-win-core-file-l1-2-0.dll
   Reading version info: F:\dev\Tools\ing2ofx\..\jre\bin\api-ms-win-core-file-l2-1-0.dll
   Reading version info: F:\dev\Tools\ing2ofx\..\jre\bin\api-ms-win-core-handle-l1-1-0.dll
   Reading version info: F:\dev\Tools\ing2ofx\..\jre\bin\api-ms-win-core-heap-l1-1-0.dll
   Reading version info: F:\dev\Tools\ing2ofx\..\jre\bin\api-ms-win-core-interlocked-l1-1-0.dll
   Reading version info: F:\dev\Tools\ing2ofx\..\jre\bin\api-ms-win-core-libraryloader-l1-1-0.dll
   Reading version info: F:\dev\Tools\ing2ofx\..\jre\bin\api-ms-win-core-localization-l1-2-0.dll
   Reading version info: F:\dev\Tools\ing2ofx\..\jre\bin\api-ms-win-core-memory-l1-1-0.dll
   Reading version info: F:\dev\Tools\ing2ofx\..\jre\bin\api-ms-win-core-namedpipe-l1-1-0.dll
   Reading version info: F:\dev\Tools\ing2ofx\..\jre\bin\api-ms-win-core-processenvironment-l1-1-0.dll
   Reading version info: F:\dev\Tools\ing2ofx\..\jre\bin\api-ms-win-core-processthreads-l1-1-0.dll
   Reading version info: F:\dev\Tools\ing2ofx\..\jre\bin\api-ms-win-core-processthreads-l1-1-1.dll
   Reading version info: F:\dev\Tools\ing2ofx\..\jre\bin\api-ms-win-core-profile-l1-1-0.dll
   Reading version info: F:\dev\Tools\ing2ofx\..\jre\bin\api-ms-win-core-rtlsupport-l1-1-0.dll
   Reading version info: F:\dev\Tools\ing2ofx\..\jre\bin\api-ms-win-core-string-l1-1-0.dll
   Reading version info: F:\dev\Tools\ing2ofx\..\jre\bin\api-ms-win-core-synch-l1-1-0.dll
   Reading version info: F:\dev\Tools\ing2ofx\..\jre\bin\api-ms-win-core-synch-l1-2-0.dll
   Reading version info: F:\dev\Tools\ing2ofx\..\jre\bin\api-ms-win-core-sysinfo-l1-1-0.dll
   Reading version info: F:\dev\Tools\ing2ofx\..\jre\bin\api-ms-win-core-timezone-l1-1-0.dll
   Reading version info: F:\dev\Tools\ing2ofx\..\jre\bin\api-ms-win-core-util-l1-1-0.dll
   Reading version info: F:\dev\Tools\ing2ofx\..\jre\bin\api-ms-win-crt-conio-l1-1-0.dll
   Reading version info: F:\dev\Tools\ing2ofx\..\jre\bin\api-ms-win-crt-convert-l1-1-0.dll
   Reading version info: F:\dev\Tools\ing2ofx\..\jre\bin\api-ms-win-crt-environment-l1-1-0.dll
   Reading version info: F:\dev\Tools\ing2ofx\..\jre\bin\api-ms-win-crt-filesystem-l1-1-0.dll
   Reading version info: F:\dev\Tools\ing2ofx\..\jre\bin\api-ms-win-crt-heap-l1-1-0.dll
   Reading version info: F:\dev\Tools\ing2ofx\..\jre\bin\api-ms-win-crt-locale-l1-1-0.dll
   Reading version info: F:\dev\Tools\ing2ofx\..\jre\bin\api-ms-win-crt-math-l1-1-0.dll
   Reading version info: F:\dev\Tools\ing2ofx\..\jre\bin\api-ms-win-crt-multibyte-l1-1-0.dll
   Reading version info: F:\dev\Tools\ing2ofx\..\jre\bin\api-ms-win-crt-private-l1-1-0.dll
   Reading version info: F:\dev\Tools\ing2ofx\..\jre\bin\api-ms-win-crt-process-l1-1-0.dll
   Reading version info: F:\dev\Tools\ing2ofx\..\jre\bin\api-ms-win-crt-runtime-l1-1-0.dll
   Reading version info: F:\dev\Tools\ing2ofx\..\jre\bin\api-ms-win-crt-stdio-l1-1-0.dll
   Reading version info: F:\dev\Tools\ing2ofx\..\jre\bin\api-ms-win-crt-string-l1-1-0.dll
   Reading version info: F:\dev\Tools\ing2ofx\..\jre\bin\api-ms-win-crt-time-l1-1-0.dll
   Reading version info: F:\dev\Tools\ing2ofx\..\jre\bin\api-ms-win-crt-utility-l1-1-0.dll
   Reading version info: F:\dev\Tools\ing2ofx\..\jre\bin\attach.dll
   Reading version info: F:\dev\Tools\ing2ofx\..\jre\bin\awt.dll
   Reading version info: F:\dev\Tools\ing2ofx\..\jre\bin\dt_shmem.dll
   Reading version info: F:\dev\Tools\ing2ofx\..\jre\bin\dt_socket.dll
   Reading version info: F:\dev\Tools\ing2ofx\..\jre\bin\fontmanager.dll
   Reading version info: F:\dev\Tools\ing2ofx\..\jre\bin\freetype.dll
   Reading version info: F:\dev\Tools\ing2ofx\..\jre\bin\instrument.dll
   Reading version info: F:\dev\Tools\ing2ofx\..\jre\bin\j2gss.dll
   Reading version info: F:\dev\Tools\ing2ofx\..\jre\bin\j2pcsc.dll
   Reading version info: F:\dev\Tools\ing2ofx\..\jre\bin\j2pkcs11.dll
   Reading version info: F:\dev\Tools\ing2ofx\..\jre\bin\jaas.dll
   Reading version info: F:\dev\Tools\ing2ofx\..\jre\bin\jabswitch.exe
   Reading version info: F:\dev\Tools\ing2ofx\..\jre\bin\jaccessinspector.exe
   Reading version info: F:\dev\Tools\ing2ofx\..\jre\bin\jaccesswalker.exe
   Reading version info: F:\dev\Tools\ing2ofx\..\jre\bin\jar.exe
   Reading version info: F:\dev\Tools\ing2ofx\..\jre\bin\jarsigner.exe
   Reading version info: F:\dev\Tools\ing2ofx\..\jre\bin\java.dll
   Reading version info: F:\dev\Tools\ing2ofx\..\jre\bin\java.exe
   Reading version info: F:\dev\Tools\ing2ofx\..\jre\bin\javaaccessbridge.dll
   Reading version info: F:\dev\Tools\ing2ofx\..\jre\bin\javac.exe
   Reading version info: F:\dev\Tools\ing2ofx\..\jre\bin\javadoc.exe
   Reading version info: F:\dev\Tools\ing2ofx\..\jre\bin\javajpeg.dll
   Reading version info: F:\dev\Tools\ing2ofx\..\jre\bin\javap.exe
   Reading version info: F:\dev\Tools\ing2ofx\..\jre\bin\javaw.exe
   Reading version info: F:\dev\Tools\ing2ofx\..\jre\bin\jawt.dll
   Reading version info: F:\dev\Tools\ing2ofx\..\jre\bin\jcmd.exe
   Reading version info: F:\dev\Tools\ing2ofx\..\jre\bin\jconsole.exe
   Reading version info: F:\dev\Tools\ing2ofx\..\jre\bin\jdb.exe
   Reading version info: F:\dev\Tools\ing2ofx\..\jre\bin\jdeprscan.exe
   Reading version info: F:\dev\Tools\ing2ofx\..\jre\bin\jdeps.exe
   Reading version info: F:\dev\Tools\ing2ofx\..\jre\bin\jdwp.dll
   Reading version info: F:\dev\Tools\ing2ofx\..\jre\bin\jfr.exe
   Reading version info: F:\dev\Tools\ing2ofx\..\jre\bin\jhsdb.exe
   Reading version info: F:\dev\Tools\ing2ofx\..\jre\bin\jimage.dll
   Reading version info: F:\dev\Tools\ing2ofx\..\jre\bin\jimage.exe
   Reading version info: F:\dev\Tools\ing2ofx\..\jre\bin\jinfo.exe
   Reading version info: F:\dev\Tools\ing2ofx\..\jre\bin\jli.dll
   Reading version info: F:\dev\Tools\ing2ofx\..\jre\bin\jlink.exe
   Reading version info: F:\dev\Tools\ing2ofx\..\jre\bin\jmap.exe
   Reading version info: F:\dev\Tools\ing2ofx\..\jre\bin\jmod.exe
   Reading version info: F:\dev\Tools\ing2ofx\..\jre\bin\jpackage.dll
   Reading version info: F:\dev\Tools\ing2ofx\..\jre\bin\jpackage.exe
   Reading version info: F:\dev\Tools\ing2ofx\..\jre\bin\jps.exe
   Reading version info: F:\dev\Tools\ing2ofx\..\jre\bin\jrunscript.exe
   Reading version info: F:\dev\Tools\ing2ofx\..\jre\bin\jshell.exe
   Reading version info: F:\dev\Tools\ing2ofx\..\jre\bin\jsound.dll
   Reading version info: F:\dev\Tools\ing2ofx\..\jre\bin\jstack.exe
   Reading version info: F:\dev\Tools\ing2ofx\..\jre\bin\jstat.exe
   Reading version info: F:\dev\Tools\ing2ofx\..\jre\bin\jstatd.exe
   Reading version info: F:\dev\Tools\ing2ofx\..\jre\bin\keytool.exe
   Reading version info: F:\dev\Tools\ing2ofx\..\jre\bin\kinit.exe
   Reading version info: F:\dev\Tools\ing2ofx\..\jre\bin\klist.exe
   Reading version info: F:\dev\Tools\ing2ofx\..\jre\bin\ktab.exe
   Reading version info: F:\dev\Tools\ing2ofx\..\jre\bin\lcms.dll
   Reading version info: F:\dev\Tools\ing2ofx\..\jre\bin\le.dll
   Reading version info: F:\dev\Tools\ing2ofx\..\jre\bin\management.dll
   Reading version info: F:\dev\Tools\ing2ofx\..\jre\bin\management_agent.dll
   Reading version info: F:\dev\Tools\ing2ofx\..\jre\bin\management_ext.dll
   Reading version info: F:\dev\Tools\ing2ofx\..\jre\bin\mlib_image.dll
   Reading version info: F:\dev\Tools\ing2ofx\..\jre\bin\msvcp140.dll
   Reading version info: F:\dev\Tools\ing2ofx\..\jre\bin\net.dll
   Reading version info: F:\dev\Tools\ing2ofx\..\jre\bin\nio.dll
   Reading version info: F:\dev\Tools\ing2ofx\..\jre\bin\prefs.dll
   Reading version info: F:\dev\Tools\ing2ofx\..\jre\bin\rmi.dll
   Reading version info: F:\dev\Tools\ing2ofx\..\jre\bin\rmiregistry.exe
   Reading version info: F:\dev\Tools\ing2ofx\..\jre\bin\saproc.dll
   Reading version info: F:\dev\Tools\ing2ofx\..\jre\bin\serialver.exe
   Reading version info: F:\dev\Tools\ing2ofx\..\jre\bin\splashscreen.dll
   Reading version info: F:\dev\Tools\ing2ofx\..\jre\bin\sspi_bridge.dll
   Reading version info: F:\dev\Tools\ing2ofx\..\jre\bin\sunmscapi.dll
   Reading version info: F:\dev\Tools\ing2ofx\..\jre\bin\svml.dll
   Reading version info: F:\dev\Tools\ing2ofx\..\jre\bin\ucrtbase.dll
   Reading version info: F:\dev\Tools\ing2ofx\..\jre\bin\vcruntime140.dll
   Reading version info: F:\dev\Tools\ing2ofx\..\jre\bin\vcruntime140_1.dll
   Reading version info: F:\dev\Tools\ing2ofx\..\jre\bin\verify.dll
   Reading version info: F:\dev\Tools\ing2ofx\..\jre\bin\w2k_lsa_auth.dll
   Reading version info: F:\dev\Tools\ing2ofx\..\jre\bin\windowsaccessbridge-64.dll
   Reading version info: F:\dev\Tools\ing2ofx\..\jre\bin\WinFallbackLookup.dll
   Reading version info: F:\dev\Tools\ing2ofx\..\jre\bin\zip.dll
   Reading version info: F:\dev\Tools\ing2ofx\..\jre\bin\server\classes.jsa
   Reading version info: F:\dev\Tools\ing2ofx\..\jre\bin\server\classes_nocoops.jsa
   Reading version info: F:\dev\Tools\ing2ofx\..\jre\bin\server\jvm.dll
   Reading version info: F:\dev\Tools\ing2ofx\..\jre\conf\logging.properties
   Reading version info: F:\dev\Tools\ing2ofx\..\jre\conf\net.properties
   Reading version info: F:\dev\Tools\ing2ofx\..\jre\conf\sound.properties
   Reading version info: F:\dev\Tools\ing2ofx\..\jre\conf\management\jmxremote.access
   Reading version info: F:\dev\Tools\ing2ofx\..\jre\conf\management\jmxremote.password.template
   Reading version info: F:\dev\Tools\ing2ofx\..\jre\conf\management\management.properties
   Reading version info: F:\dev\Tools\ing2ofx\..\jre\conf\security\java.policy
   Reading version info: F:\dev\Tools\ing2ofx\..\jre\conf\security\java.security
   Reading version info: F:\dev\Tools\ing2ofx\..\jre\conf\security\policy\README.txt
   Reading version info: F:\dev\Tools\ing2ofx\..\jre\conf\security\policy\limited\default_local.policy
   Reading version info: F:\dev\Tools\ing2ofx\..\jre\conf\security\policy\limited\default_US_export.policy
   Reading version info: F:\dev\Tools\ing2ofx\..\jre\conf\security\policy\limited\exempt_local.policy
   Reading version info: F:\dev\Tools\ing2ofx\..\jre\conf\security\policy\unlimited\default_local.policy
   Reading version info: F:\dev\Tools\ing2ofx\..\jre\conf\security\policy\unlimited\default_US_export.policy
   Reading version info: F:\dev\Tools\ing2ofx\..\jre\include\classfile_constants.h
   Reading version info: F:\dev\Tools\ing2ofx\..\jre\include\jawt.h
   Reading version info: F:\dev\Tools\ing2ofx\..\jre\include\jdwpTransport.h
   Reading version info: F:\dev\Tools\ing2ofx\..\jre\include\jni.h
   Reading version info: F:\dev\Tools\ing2ofx\..\jre\include\jvmti.h
   Reading version info: F:\dev\Tools\ing2ofx\..\jre\include\jvmticmlr.h
   Reading version info: F:\dev\Tools\ing2ofx\..\jre\include\win32\jawt_md.h
   Reading version info: F:\dev\Tools\ing2ofx\..\jre\include\win32\jni_md.h
   Reading version info: F:\dev\Tools\ing2ofx\..\jre\legal\java.base\ADDITIONAL_LICENSE_INFO
   Reading version info: F:\dev\Tools\ing2ofx\..\jre\legal\java.base\aes.md
   Reading version info: F:\dev\Tools\ing2ofx\..\jre\legal\java.base\asm.md
   Reading version info: F:\dev\Tools\ing2ofx\..\jre\legal\java.base\ASSEMBLY_EXCEPTION
   Reading version info: F:\dev\Tools\ing2ofx\..\jre\legal\java.base\c-libutl.md
   Reading version info: F:\dev\Tools\ing2ofx\..\jre\legal\java.base\cldr.md
   Reading version info: F:\dev\Tools\ing2ofx\..\jre\legal\java.base\icu.md
   Reading version info: F:\dev\Tools\ing2ofx\..\jre\legal\java.base\LICENSE
   Reading version info: F:\dev\Tools\ing2ofx\..\jre\legal\java.base\public_suffix.md
   Reading version info: F:\dev\Tools\ing2ofx\..\jre\legal\java.base\unicode.md
   Reading version info: F:\dev\Tools\ing2ofx\..\jre\legal\java.base\wepoll.md
   Reading version info: F:\dev\Tools\ing2ofx\..\jre\legal\java.base\zlib.md
   Reading version info: F:\dev\Tools\ing2ofx\..\jre\legal\java.compiler\ADDITIONAL_LICENSE_INFO
   Reading version info: F:\dev\Tools\ing2ofx\..\jre\legal\java.compiler\ASSEMBLY_EXCEPTION
   Reading version info: F:\dev\Tools\ing2ofx\..\jre\legal\java.compiler\LICENSE
   Reading version info: F:\dev\Tools\ing2ofx\..\jre\legal\java.datatransfer\ADDITIONAL_LICENSE_INFO
   Reading version info: F:\dev\Tools\ing2ofx\..\jre\legal\java.datatransfer\ASSEMBLY_EXCEPTION
   Reading version info: F:\dev\Tools\ing2ofx\..\jre\legal\java.datatransfer\LICENSE
   Reading version info: F:\dev\Tools\ing2ofx\..\jre\legal\java.desktop\ADDITIONAL_LICENSE_INFO
   Reading version info: F:\dev\Tools\ing2ofx\..\jre\legal\java.desktop\ASSEMBLY_EXCEPTION
   Reading version info: F:\dev\Tools\ing2ofx\..\jre\legal\java.desktop\colorimaging.md
   Reading version info: F:\dev\Tools\ing2ofx\..\jre\legal\java.desktop\freetype.md
   Reading version info: F:\dev\Tools\ing2ofx\..\jre\legal\java.desktop\giflib.md
   Reading version info: F:\dev\Tools\ing2ofx\..\jre\legal\java.desktop\harfbuzz.md
   Reading version info: F:\dev\Tools\ing2ofx\..\jre\legal\java.desktop\jpeg.md
   Reading version info: F:\dev\Tools\ing2ofx\..\jre\legal\java.desktop\lcms.md
   Reading version info: F:\dev\Tools\ing2ofx\..\jre\legal\java.desktop\libpng.md
   Reading version info: F:\dev\Tools\ing2ofx\..\jre\legal\java.desktop\LICENSE
   Reading version info: F:\dev\Tools\ing2ofx\..\jre\legal\java.desktop\mesa3d.md
   Reading version info: F:\dev\Tools\ing2ofx\..\jre\legal\java.instrument\ADDITIONAL_LICENSE_INFO
   Reading version info: F:\dev\Tools\ing2ofx\..\jre\legal\java.instrument\ASSEMBLY_EXCEPTION
   Reading version info: F:\dev\Tools\ing2ofx\..\jre\legal\java.instrument\LICENSE
   Reading version info: F:\dev\Tools\ing2ofx\..\jre\legal\java.logging\ADDITIONAL_LICENSE_INFO
   Reading version info: F:\dev\Tools\ing2ofx\..\jre\legal\java.logging\ASSEMBLY_EXCEPTION
   Reading version info: F:\dev\Tools\ing2ofx\..\jre\legal\java.logging\LICENSE
   Reading version info: F:\dev\Tools\ing2ofx\..\jre\legal\java.management\ADDITIONAL_LICENSE_INFO
   Reading version info: F:\dev\Tools\ing2ofx\..\jre\legal\java.management\ASSEMBLY_EXCEPTION
   Reading version info: F:\dev\Tools\ing2ofx\..\jre\legal\java.management\LICENSE
   Reading version info: F:\dev\Tools\ing2ofx\..\jre\legal\java.naming\ADDITIONAL_LICENSE_INFO
   Reading version info: F:\dev\Tools\ing2ofx\..\jre\legal\java.naming\ASSEMBLY_EXCEPTION
   Reading version info: F:\dev\Tools\ing2ofx\..\jre\legal\java.naming\LICENSE
   Reading version info: F:\dev\Tools\ing2ofx\..\jre\legal\java.prefs\ADDITIONAL_LICENSE_INFO
   Reading version info: F:\dev\Tools\ing2ofx\..\jre\legal\java.prefs\ASSEMBLY_EXCEPTION
   Reading version info: F:\dev\Tools\ing2ofx\..\jre\legal\java.prefs\LICENSE
   Reading version info: F:\dev\Tools\ing2ofx\..\jre\legal\java.rmi\ADDITIONAL_LICENSE_INFO
   Reading version info: F:\dev\Tools\ing2ofx\..\jre\legal\java.rmi\ASSEMBLY_EXCEPTION
   Reading version info: F:\dev\Tools\ing2ofx\..\jre\legal\java.rmi\LICENSE
   Reading version info: F:\dev\Tools\ing2ofx\..\jre\legal\java.scripting\ADDITIONAL_LICENSE_INFO
   Reading version info: F:\dev\Tools\ing2ofx\..\jre\legal\java.scripting\ASSEMBLY_EXCEPTION
   Reading version info: F:\dev\Tools\ing2ofx\..\jre\legal\java.scripting\LICENSE
   Reading version info: F:\dev\Tools\ing2ofx\..\jre\legal\java.security.jgss\ADDITIONAL_LICENSE_INFO
   Reading version info: F:\dev\Tools\ing2ofx\..\jre\legal\java.security.jgss\ASSEMBLY_EXCEPTION
   Reading version info: F:\dev\Tools\ing2ofx\..\jre\legal\java.security.jgss\LICENSE
   Reading version info: F:\dev\Tools\ing2ofx\..\jre\legal\java.security.sasl\ADDITIONAL_LICENSE_INFO
   Reading version info: F:\dev\Tools\ing2ofx\..\jre\legal\java.security.sasl\ASSEMBLY_EXCEPTION
   Reading version info: F:\dev\Tools\ing2ofx\..\jre\legal\java.security.sasl\LICENSE
   Reading version info: F:\dev\Tools\ing2ofx\..\jre\legal\java.sql\ADDITIONAL_LICENSE_INFO
   Reading version info: F:\dev\Tools\ing2ofx\..\jre\legal\java.sql\ASSEMBLY_EXCEPTION
   Reading version info: F:\dev\Tools\ing2ofx\..\jre\legal\java.sql\LICENSE
   Reading version info: F:\dev\Tools\ing2ofx\..\jre\legal\java.sql.rowset\ADDITIONAL_LICENSE_INFO
   Reading version info: F:\dev\Tools\ing2ofx\..\jre\legal\java.sql.rowset\ASSEMBLY_EXCEPTION
   Reading version info: F:\dev\Tools\ing2ofx\..\jre\legal\java.sql.rowset\LICENSE
   Reading version info: F:\dev\Tools\ing2ofx\..\jre\legal\java.transaction.xa\ADDITIONAL_LICENSE_INFO
   Reading version info: F:\dev\Tools\ing2ofx\..\jre\legal\java.transaction.xa\ASSEMBLY_EXCEPTION
   Reading version info: F:\dev\Tools\ing2ofx\..\jre\legal\java.transaction.xa\LICENSE
   Reading version info: F:\dev\Tools\ing2ofx\..\jre\legal\java.xml\ADDITIONAL_LICENSE_INFO
   Reading version info: F:\dev\Tools\ing2ofx\..\jre\legal\java.xml\ASSEMBLY_EXCEPTION
   Reading version info: F:\dev\Tools\ing2ofx\..\jre\legal\java.xml\bcel.md
   Reading version info: F:\dev\Tools\ing2ofx\..\jre\legal\java.xml\dom.md
   Reading version info: F:\dev\Tools\ing2ofx\..\jre\legal\java.xml\jcup.md
   Reading version info: F:\dev\Tools\ing2ofx\..\jre\legal\java.xml\LICENSE
   Reading version info: F:\dev\Tools\ing2ofx\..\jre\legal\java.xml\xalan.md
   Reading version info: F:\dev\Tools\ing2ofx\..\jre\legal\java.xml\xerces.md
   Reading version info: F:\dev\Tools\ing2ofx\..\jre\legal\jdk.attach\ADDITIONAL_LICENSE_INFO
   Reading version info: F:\dev\Tools\ing2ofx\..\jre\legal\jdk.attach\ASSEMBLY_EXCEPTION
   Reading version info: F:\dev\Tools\ing2ofx\..\jre\legal\jdk.attach\LICENSE
   Reading version info: F:\dev\Tools\ing2ofx\..\jre\legal\jdk.crypto.ec\ADDITIONAL_LICENSE_INFO
   Reading version info: F:\dev\Tools\ing2ofx\..\jre\legal\jdk.crypto.ec\ASSEMBLY_EXCEPTION
   Reading version info: F:\dev\Tools\ing2ofx\..\jre\legal\jdk.crypto.ec\LICENSE
   Reading version info: F:\dev\Tools\ing2ofx\..\jre\legal\jdk.internal.jvmstat\ADDITIONAL_LICENSE_INFO
   Reading version info: F:\dev\Tools\ing2ofx\..\jre\legal\jdk.internal.jvmstat\ASSEMBLY_EXCEPTION
   Reading version info: F:\dev\Tools\ing2ofx\..\jre\legal\jdk.internal.jvmstat\LICENSE
   Reading version info: F:\dev\Tools\ing2ofx\..\jre\legal\jdk.jdi\ADDITIONAL_LICENSE_INFO
   Reading version info: F:\dev\Tools\ing2ofx\..\jre\legal\jdk.jdi\ASSEMBLY_EXCEPTION
   Reading version info: F:\dev\Tools\ing2ofx\..\jre\legal\jdk.jdi\LICENSE
   Reading version info: F:\dev\Tools\ing2ofx\..\jre\legal\jdk.jdwp.agent\ADDITIONAL_LICENSE_INFO
   Reading version info: F:\dev\Tools\ing2ofx\..\jre\legal\jdk.jdwp.agent\ASSEMBLY_EXCEPTION
   Reading version info: F:\dev\Tools\ing2ofx\..\jre\legal\jdk.jdwp.agent\LICENSE
   Reading version info: F:\dev\Tools\ing2ofx\..\jre\legal\jdk.management\ADDITIONAL_LICENSE_INFO
   Reading version info: F:\dev\Tools\ing2ofx\..\jre\legal\jdk.management\ASSEMBLY_EXCEPTION
   Reading version info: F:\dev\Tools\ing2ofx\..\jre\legal\jdk.management\LICENSE
   Reading version info: F:\dev\Tools\ing2ofx\..\jre\legal\jdk.unsupported\ADDITIONAL_LICENSE_INFO
   Reading version info: F:\dev\Tools\ing2ofx\..\jre\legal\jdk.unsupported\ASSEMBLY_EXCEPTION
   Reading version info: F:\dev\Tools\ing2ofx\..\jre\legal\jdk.unsupported\LICENSE
   Reading version info: F:\dev\Tools\ing2ofx\..\jre\legal\jdk.xml.dom\ADDITIONAL_LICENSE_INFO
   Reading version info: F:\dev\Tools\ing2ofx\..\jre\legal\jdk.xml.dom\ASSEMBLY_EXCEPTION
   Reading version info: F:\dev\Tools\ing2ofx\..\jre\legal\jdk.xml.dom\LICENSE
   Reading version info: F:\dev\Tools\ing2ofx\..\jre\legal\jdk.zipfs\ADDITIONAL_LICENSE_INFO
   Reading version info: F:\dev\Tools\ing2ofx\..\jre\legal\jdk.zipfs\ASSEMBLY_EXCEPTION
   Reading version info: F:\dev\Tools\ing2ofx\..\jre\legal\jdk.zipfs\LICENSE
   Reading version info: F:\dev\Tools\ing2ofx\..\jre\lib\classlist
   Reading version info: F:\dev\Tools\ing2ofx\..\jre\lib\ct.sym
   Reading version info: F:\dev\Tools\ing2ofx\..\jre\lib\fontconfig.bfc
   Reading version info: F:\dev\Tools\ing2ofx\..\jre\lib\fontconfig.properties.src
   Reading version info: F:\dev\Tools\ing2ofx\..\jre\lib\jawt.lib
   Reading version info: F:\dev\Tools\ing2ofx\..\jre\lib\jrt-fs.jar
   Reading version info: F:\dev\Tools\ing2ofx\..\jre\lib\jvm.cfg
   Reading version info: F:\dev\Tools\ing2ofx\..\jre\lib\jvm.lib
   Reading version info: F:\dev\Tools\ing2ofx\..\jre\lib\modules
   Reading version info: F:\dev\Tools\ing2ofx\..\jre\lib\psfont.properties.ja
   Reading version info: F:\dev\Tools\ing2ofx\..\jre\lib\psfontj2d.properties
   Reading version info: F:\dev\Tools\ing2ofx\..\jre\lib\tzdb.dat
   Reading version info: F:\dev\Tools\ing2ofx\..\jre\lib\tzmappings
   Reading version info: F:\dev\Tools\ing2ofx\..\jre\lib\jfr\default.jfc
   Reading version info: F:\dev\Tools\ing2ofx\..\jre\lib\jfr\profile.jfc
   Reading version info: F:\dev\Tools\ing2ofx\..\jre\lib\security\blocked.certs
   Reading version info: F:\dev\Tools\ing2ofx\..\jre\lib\security\cacerts
   Reading version info: F:\dev\Tools\ing2ofx\..\jre\lib\security\default.policy
   Reading version info: F:\dev\Tools\ing2ofx\..\jre\lib\security\public_suffix_list.dat
Compiling [Code] section
Creating setup files
   Updating icons (SETUP.EXE)
   Compressing: F:\dev\Tools\ing2ofx\.\target\ing2ofx.exe
   Compressing: F:\dev\Tools\ing2ofx\readme.md
   Compressing: F:\dev\Tools\ing2ofx\readme.txt
   Compressing: F:\dev\Tools\ing2ofx\.\help\en\ing2ofx.chm
   Compressing: F:\dev\Tools\ing2ofx\.\help\nl\ing2ofx.chm
   Compressing: F:\dev\Tools\ing2ofx\..\jre\DISCLAIMER
   Compressing: F:\dev\Tools\ing2ofx\..\jre\org.eclipse.justj.properties
   Compressing: F:\dev\Tools\ing2ofx\..\jre\readme.txt
   Compressing: F:\dev\Tools\ing2ofx\..\jre\release
   Compressing: F:\dev\Tools\ing2ofx\..\jre\Welcome.html
   Compressing: F:\dev\Tools\ing2ofx\..\jre\bin\api-ms-win-core-console-l1-1-0.dll   (10.0.17134.12)
   Compressing: F:\dev\Tools\ing2ofx\..\jre\bin\api-ms-win-core-console-l1-2-0.dll   (10.0.19041.685)
   Compressing: F:\dev\Tools\ing2ofx\..\jre\bin\api-ms-win-core-datetime-l1-1-0.dll   (10.0.17134.12)
   Compressing: F:\dev\Tools\ing2ofx\..\jre\bin\api-ms-win-core-debug-l1-1-0.dll   (10.0.17134.12)
   Compressing: F:\dev\Tools\ing2ofx\..\jre\bin\api-ms-win-core-errorhandling-l1-1-0.dll   (10.0.17134.12)
   Compressing: F:\dev\Tools\ing2ofx\..\jre\bin\api-ms-win-core-file-l1-1-0.dll   (10.0.17134.12)
   Compressing: F:\dev\Tools\ing2ofx\..\jre\bin\api-ms-win-core-file-l1-2-0.dll   (10.0.17134.12)
   Compressing: F:\dev\Tools\ing2ofx\..\jre\bin\api-ms-win-core-file-l2-1-0.dll   (10.0.17134.12)
   Compressing: F:\dev\Tools\ing2ofx\..\jre\bin\api-ms-win-core-handle-l1-1-0.dll   (10.0.17134.12)
   Compressing: F:\dev\Tools\ing2ofx\..\jre\bin\api-ms-win-core-heap-l1-1-0.dll   (10.0.17134.12)
   Compressing: F:\dev\Tools\ing2ofx\..\jre\bin\api-ms-win-core-interlocked-l1-1-0.dll   (10.0.17134.12)
   Compressing: F:\dev\Tools\ing2ofx\..\jre\bin\api-ms-win-core-libraryloader-l1-1-0.dll   (10.0.17134.12)
   Compressing: F:\dev\Tools\ing2ofx\..\jre\bin\api-ms-win-core-localization-l1-2-0.dll   (10.0.17134.12)
   Compressing: F:\dev\Tools\ing2ofx\..\jre\bin\api-ms-win-core-memory-l1-1-0.dll   (10.0.17134.12)
   Compressing: F:\dev\Tools\ing2ofx\..\jre\bin\api-ms-win-core-namedpipe-l1-1-0.dll   (10.0.17134.12)
   Compressing: F:\dev\Tools\ing2ofx\..\jre\bin\api-ms-win-core-processenvironment-l1-1-0.dll   (10.0.17134.12)
   Compressing: F:\dev\Tools\ing2ofx\..\jre\bin\api-ms-win-core-processthreads-l1-1-0.dll   (10.0.17134.12)
   Compressing: F:\dev\Tools\ing2ofx\..\jre\bin\api-ms-win-core-processthreads-l1-1-1.dll   (10.0.17134.12)
   Compressing: F:\dev\Tools\ing2ofx\..\jre\bin\api-ms-win-core-profile-l1-1-0.dll   (10.0.17134.12)
   Compressing: F:\dev\Tools\ing2ofx\..\jre\bin\api-ms-win-core-rtlsupport-l1-1-0.dll   (10.0.17134.12)
   Compressing: F:\dev\Tools\ing2ofx\..\jre\bin\api-ms-win-core-string-l1-1-0.dll   (10.0.17134.12)
   Compressing: F:\dev\Tools\ing2ofx\..\jre\bin\api-ms-win-core-synch-l1-1-0.dll   (10.0.17134.12)
   Compressing: F:\dev\Tools\ing2ofx\..\jre\bin\api-ms-win-core-synch-l1-2-0.dll   (10.0.17134.12)
   Compressing: F:\dev\Tools\ing2ofx\..\jre\bin\api-ms-win-core-sysinfo-l1-1-0.dll   (10.0.17134.12)
   Compressing: F:\dev\Tools\ing2ofx\..\jre\bin\api-ms-win-core-timezone-l1-1-0.dll   (10.0.17134.12)
   Compressing: F:\dev\Tools\ing2ofx\..\jre\bin\api-ms-win-core-util-l1-1-0.dll   (10.0.17134.12)
   Compressing: F:\dev\Tools\ing2ofx\..\jre\bin\api-ms-win-crt-conio-l1-1-0.dll   (10.0.17134.12)
   Compressing: F:\dev\Tools\ing2ofx\..\jre\bin\api-ms-win-crt-convert-l1-1-0.dll   (10.0.17134.12)
   Compressing: F:\dev\Tools\ing2ofx\..\jre\bin\api-ms-win-crt-environment-l1-1-0.dll   (10.0.17134.12)
   Compressing: F:\dev\Tools\ing2ofx\..\jre\bin\api-ms-win-crt-filesystem-l1-1-0.dll   (10.0.17134.12)
   Compressing: F:\dev\Tools\ing2ofx\..\jre\bin\api-ms-win-crt-heap-l1-1-0.dll   (10.0.17134.12)
   Compressing: F:\dev\Tools\ing2ofx\..\jre\bin\api-ms-win-crt-locale-l1-1-0.dll   (10.0.17134.12)
   Compressing: F:\dev\Tools\ing2ofx\..\jre\bin\api-ms-win-crt-math-l1-1-0.dll   (10.0.17134.12)
   Compressing: F:\dev\Tools\ing2ofx\..\jre\bin\api-ms-win-crt-multibyte-l1-1-0.dll   (10.0.17134.12)
   Compressing: F:\dev\Tools\ing2ofx\..\jre\bin\api-ms-win-crt-private-l1-1-0.dll   (10.0.17134.12)
   Compressing: F:\dev\Tools\ing2ofx\..\jre\bin\api-ms-win-crt-process-l1-1-0.dll   (10.0.17134.12)
   Compressing: F:\dev\Tools\ing2ofx\..\jre\bin\api-ms-win-crt-runtime-l1-1-0.dll   (10.0.17134.12)
   Compressing: F:\dev\Tools\ing2ofx\..\jre\bin\api-ms-win-crt-stdio-l1-1-0.dll   (10.0.17134.12)
   Compressing: F:\dev\Tools\ing2ofx\..\jre\bin\api-ms-win-crt-string-l1-1-0.dll   (10.0.17134.12)
   Compressing: F:\dev\Tools\ing2ofx\..\jre\bin\api-ms-win-crt-time-l1-1-0.dll   (10.0.17134.12)
   Compressing: F:\dev\Tools\ing2ofx\..\jre\bin\api-ms-win-crt-utility-l1-1-0.dll   (10.0.17134.12)
   Compressing: F:\dev\Tools\ing2ofx\..\jre\bin\attach.dll   (17.0.6.0)
   Compressing: F:\dev\Tools\ing2ofx\..\jre\bin\awt.dll   (17.0.6.0)
   Compressing: F:\dev\Tools\ing2ofx\..\jre\bin\dt_shmem.dll   (17.0.6.0)
   Compressing: F:\dev\Tools\ing2ofx\..\jre\bin\dt_socket.dll   (17.0.6.0)
   Compressing: F:\dev\Tools\ing2ofx\..\jre\bin\fontmanager.dll   (17.0.6.0)
   Compressing: F:\dev\Tools\ing2ofx\..\jre\bin\freetype.dll   (17.0.6.0)
   Compressing: F:\dev\Tools\ing2ofx\..\jre\bin\instrument.dll   (17.0.6.0)
   Compressing: F:\dev\Tools\ing2ofx\..\jre\bin\j2gss.dll   (17.0.6.0)
   Compressing: F:\dev\Tools\ing2ofx\..\jre\bin\j2pcsc.dll   (17.0.1.0)
   Compressing: F:\dev\Tools\ing2ofx\..\jre\bin\j2pkcs11.dll   (17.0.1.0)
   Compressing: F:\dev\Tools\ing2ofx\..\jre\bin\jaas.dll   (17.0.1.0)
   Compressing: F:\dev\Tools\ing2ofx\..\jre\bin\jabswitch.exe   (17.0.1.0)
   Compressing: F:\dev\Tools\ing2ofx\..\jre\bin\jaccessinspector.exe   (17.0.1.0)
   Compressing: F:\dev\Tools\ing2ofx\..\jre\bin\jaccesswalker.exe   (17.0.1.0)
   Compressing: F:\dev\Tools\ing2ofx\..\jre\bin\jar.exe   (17.0.1.0)
   Compressing: F:\dev\Tools\ing2ofx\..\jre\bin\jarsigner.exe   (17.0.1.0)
   Compressing: F:\dev\Tools\ing2ofx\..\jre\bin\java.dll   (17.0.6.0)
   Compressing: F:\dev\Tools\ing2ofx\..\jre\bin\java.exe   (17.0.6.0)
   Compressing: F:\dev\Tools\ing2ofx\..\jre\bin\javaaccessbridge.dll   (17.0.1.0)
   Compressing: F:\dev\Tools\ing2ofx\..\jre\bin\javac.exe   (17.0.1.0)
   Compressing: F:\dev\Tools\ing2ofx\..\jre\bin\javadoc.exe   (17.0.1.0)
   Compressing: F:\dev\Tools\ing2ofx\..\jre\bin\javajpeg.dll   (17.0.6.0)
   Compressing: F:\dev\Tools\ing2ofx\..\jre\bin\javap.exe   (17.0.1.0)
   Compressing: F:\dev\Tools\ing2ofx\..\jre\bin\javaw.exe   (17.0.6.0)
   Compressing: F:\dev\Tools\ing2ofx\..\jre\bin\jawt.dll   (17.0.6.0)
   Compressing: F:\dev\Tools\ing2ofx\..\jre\bin\jcmd.exe   (17.0.1.0)
   Compressing: F:\dev\Tools\ing2ofx\..\jre\bin\jconsole.exe   (17.0.1.0)
   Compressing: F:\dev\Tools\ing2ofx\..\jre\bin\jdb.exe   (17.0.6.0)
   Compressing: F:\dev\Tools\ing2ofx\..\jre\bin\jdeprscan.exe   (17.0.1.0)
   Compressing: F:\dev\Tools\ing2ofx\..\jre\bin\jdeps.exe   (17.0.1.0)
   Compressing: F:\dev\Tools\ing2ofx\..\jre\bin\jdwp.dll   (17.0.6.0)
   Compressing: F:\dev\Tools\ing2ofx\..\jre\bin\jfr.exe   (17.0.1.0)
   Compressing: F:\dev\Tools\ing2ofx\..\jre\bin\jhsdb.exe   (17.0.1.0)
   Compressing: F:\dev\Tools\ing2ofx\..\jre\bin\jimage.dll   (17.0.6.0)
   Compressing: F:\dev\Tools\ing2ofx\..\jre\bin\jimage.exe   (17.0.1.0)
   Compressing: F:\dev\Tools\ing2ofx\..\jre\bin\jinfo.exe   (17.0.1.0)
   Compressing: F:\dev\Tools\ing2ofx\..\jre\bin\jli.dll   (17.0.6.0)
   Compressing: F:\dev\Tools\ing2ofx\..\jre\bin\jlink.exe   (17.0.1.0)
   Compressing: F:\dev\Tools\ing2ofx\..\jre\bin\jmap.exe   (17.0.1.0)
   Compressing: F:\dev\Tools\ing2ofx\..\jre\bin\jmod.exe   (17.0.1.0)
   Compressing: F:\dev\Tools\ing2ofx\..\jre\bin\jpackage.dll   (17.0.1.0)
   Compressing: F:\dev\Tools\ing2ofx\..\jre\bin\jpackage.exe   (17.0.1.0)
   Compressing: F:\dev\Tools\ing2ofx\..\jre\bin\jps.exe   (17.0.1.0)
   Compressing: F:\dev\Tools\ing2ofx\..\jre\bin\jrunscript.exe   (17.0.6.0)
   Compressing: F:\dev\Tools\ing2ofx\..\jre\bin\jshell.exe   (17.0.1.0)
   Compressing: F:\dev\Tools\ing2ofx\..\jre\bin\jsound.dll   (17.0.6.0)
   Compressing: F:\dev\Tools\ing2ofx\..\jre\bin\jstack.exe   (17.0.1.0)
   Compressing: F:\dev\Tools\ing2ofx\..\jre\bin\jstat.exe   (17.0.1.0)
   Compressing: F:\dev\Tools\ing2ofx\..\jre\bin\jstatd.exe   (17.0.1.0)
   Compressing: F:\dev\Tools\ing2ofx\..\jre\bin\keytool.exe   (17.0.6.0)
   Compressing: F:\dev\Tools\ing2ofx\..\jre\bin\kinit.exe   (17.0.6.0)
   Compressing: F:\dev\Tools\ing2ofx\..\jre\bin\klist.exe   (17.0.6.0)
   Compressing: F:\dev\Tools\ing2ofx\..\jre\bin\ktab.exe   (17.0.6.0)
   Compressing: F:\dev\Tools\ing2ofx\..\jre\bin\lcms.dll   (17.0.6.0)
   Compressing: F:\dev\Tools\ing2ofx\..\jre\bin\le.dll   (17.0.1.0)
   Compressing: F:\dev\Tools\ing2ofx\..\jre\bin\management.dll   (17.0.6.0)
   Compressing: F:\dev\Tools\ing2ofx\..\jre\bin\management_agent.dll   (17.0.1.0)
   Compressing: F:\dev\Tools\ing2ofx\..\jre\bin\management_ext.dll   (17.0.6.0)
   Compressing: F:\dev\Tools\ing2ofx\..\jre\bin\mlib_image.dll   (17.0.6.0)
   Compressing: F:\dev\Tools\ing2ofx\..\jre\bin\msvcp140.dll   (14.27.29016.0)
   Compressing: F:\dev\Tools\ing2ofx\..\jre\bin\net.dll   (17.0.6.0)
   Compressing: F:\dev\Tools\ing2ofx\..\jre\bin\nio.dll   (17.0.6.0)
   Compressing: F:\dev\Tools\ing2ofx\..\jre\bin\prefs.dll   (17.0.6.0)
   Compressing: F:\dev\Tools\ing2ofx\..\jre\bin\rmi.dll   (17.0.6.0)
   Compressing: F:\dev\Tools\ing2ofx\..\jre\bin\rmiregistry.exe   (17.0.6.0)
   Compressing: F:\dev\Tools\ing2ofx\..\jre\bin\saproc.dll   (17.0.1.0)
   Compressing: F:\dev\Tools\ing2ofx\..\jre\bin\serialver.exe   (17.0.1.0)
   Compressing: F:\dev\Tools\ing2ofx\..\jre\bin\splashscreen.dll   (17.0.6.0)
   Compressing: F:\dev\Tools\ing2ofx\..\jre\bin\sspi_bridge.dll   (17.0.6.0)
   Compressing: F:\dev\Tools\ing2ofx\..\jre\bin\sunmscapi.dll   (17.0.1.0)
   Compressing: F:\dev\Tools\ing2ofx\..\jre\bin\svml.dll   (17.0.1.0)
   Compressing: F:\dev\Tools\ing2ofx\..\jre\bin\ucrtbase.dll   (10.0.17134.12)
   Compressing: F:\dev\Tools\ing2ofx\..\jre\bin\vcruntime140.dll   (14.27.29016.0)
   Compressing: F:\dev\Tools\ing2ofx\..\jre\bin\vcruntime140_1.dll   (14.27.29016.0)
   Compressing: F:\dev\Tools\ing2ofx\..\jre\bin\verify.dll   (17.0.6.0)
   Compressing: F:\dev\Tools\ing2ofx\..\jre\bin\w2k_lsa_auth.dll   (17.0.6.0)
   Compressing: F:\dev\Tools\ing2ofx\..\jre\bin\windowsaccessbridge-64.dll   (17.0.1.0)
   Compressing: F:\dev\Tools\ing2ofx\..\jre\bin\WinFallbackLookup.dll   (17.0.1.0)
   Compressing: F:\dev\Tools\ing2ofx\..\jre\bin\zip.dll   (17.0.6.0)
   Compressing: F:\dev\Tools\ing2ofx\..\jre\bin\server\classes.jsa
   Compressing: F:\dev\Tools\ing2ofx\..\jre\bin\server\classes_nocoops.jsa
   Compressing: F:\dev\Tools\ing2ofx\..\jre\bin\server\jvm.dll   (17.0.6.0)
   Compressing: F:\dev\Tools\ing2ofx\..\jre\conf\logging.properties
   Compressing: F:\dev\Tools\ing2ofx\..\jre\conf\net.properties
   Compressing: F:\dev\Tools\ing2ofx\..\jre\conf\sound.properties
   Compressing: F:\dev\Tools\ing2ofx\..\jre\conf\management\jmxremote.access
   Compressing: F:\dev\Tools\ing2ofx\..\jre\conf\management\jmxremote.password.template
   Compressing: F:\dev\Tools\ing2ofx\..\jre\conf\management\management.properties
   Compressing: F:\dev\Tools\ing2ofx\..\jre\conf\security\java.policy
   Compressing: F:\dev\Tools\ing2ofx\..\jre\conf\security\java.security
   Compressing: F:\dev\Tools\ing2ofx\..\jre\conf\security\policy\README.txt
   Compressing: F:\dev\Tools\ing2ofx\..\jre\conf\security\policy\limited\default_local.policy
   Compressing: F:\dev\Tools\ing2ofx\..\jre\conf\security\policy\limited\default_US_export.policy
   Compressing: F:\dev\Tools\ing2ofx\..\jre\conf\security\policy\limited\exempt_local.policy
   Compressing: F:\dev\Tools\ing2ofx\..\jre\conf\security\policy\unlimited\default_local.policy
   Compressing: F:\dev\Tools\ing2ofx\..\jre\conf\security\policy\unlimited\default_US_export.policy
   Compressing: F:\dev\Tools\ing2ofx\..\jre\include\classfile_constants.h
   Compressing: F:\dev\Tools\ing2ofx\..\jre\include\jawt.h
   Compressing: F:\dev\Tools\ing2ofx\..\jre\include\jdwpTransport.h
   Compressing: F:\dev\Tools\ing2ofx\..\jre\include\jni.h
   Compressing: F:\dev\Tools\ing2ofx\..\jre\include\jvmti.h
   Compressing: F:\dev\Tools\ing2ofx\..\jre\include\jvmticmlr.h
   Compressing: F:\dev\Tools\ing2ofx\..\jre\include\win32\jawt_md.h
   Compressing: F:\dev\Tools\ing2ofx\..\jre\include\win32\jni_md.h
   Compressing: F:\dev\Tools\ing2ofx\..\jre\legal\java.base\ADDITIONAL_LICENSE_INFO
   Compressing: F:\dev\Tools\ing2ofx\..\jre\legal\java.base\aes.md
   Compressing: F:\dev\Tools\ing2ofx\..\jre\legal\java.base\asm.md
   Compressing: F:\dev\Tools\ing2ofx\..\jre\legal\java.base\ASSEMBLY_EXCEPTION
   Compressing: F:\dev\Tools\ing2ofx\..\jre\legal\java.base\c-libutl.md
   Compressing: F:\dev\Tools\ing2ofx\..\jre\legal\java.base\cldr.md
   Compressing: F:\dev\Tools\ing2ofx\..\jre\legal\java.base\icu.md
   Compressing: F:\dev\Tools\ing2ofx\..\jre\legal\java.base\LICENSE
   Compressing: F:\dev\Tools\ing2ofx\..\jre\legal\java.base\public_suffix.md
   Compressing: F:\dev\Tools\ing2ofx\..\jre\legal\java.base\unicode.md
   Compressing: F:\dev\Tools\ing2ofx\..\jre\legal\java.base\wepoll.md
   Compressing: F:\dev\Tools\ing2ofx\..\jre\legal\java.base\zlib.md
   Compressing: F:\dev\Tools\ing2ofx\..\jre\legal\java.compiler\ADDITIONAL_LICENSE_INFO
   Compressing: F:\dev\Tools\ing2ofx\..\jre\legal\java.compiler\ASSEMBLY_EXCEPTION
   Compressing: F:\dev\Tools\ing2ofx\..\jre\legal\java.compiler\LICENSE
   Compressing: F:\dev\Tools\ing2ofx\..\jre\legal\java.datatransfer\ADDITIONAL_LICENSE_INFO
   Compressing: F:\dev\Tools\ing2ofx\..\jre\legal\java.datatransfer\ASSEMBLY_EXCEPTION
   Compressing: F:\dev\Tools\ing2ofx\..\jre\legal\java.datatransfer\LICENSE
   Compressing: F:\dev\Tools\ing2ofx\..\jre\legal\java.desktop\ADDITIONAL_LICENSE_INFO
   Compressing: F:\dev\Tools\ing2ofx\..\jre\legal\java.desktop\ASSEMBLY_EXCEPTION
   Compressing: F:\dev\Tools\ing2ofx\..\jre\legal\java.desktop\colorimaging.md
   Compressing: F:\dev\Tools\ing2ofx\..\jre\legal\java.desktop\freetype.md
   Compressing: F:\dev\Tools\ing2ofx\..\jre\legal\java.desktop\giflib.md
   Compressing: F:\dev\Tools\ing2ofx\..\jre\legal\java.desktop\harfbuzz.md
   Compressing: F:\dev\Tools\ing2ofx\..\jre\legal\java.desktop\jpeg.md
   Compressing: F:\dev\Tools\ing2ofx\..\jre\legal\java.desktop\lcms.md
   Compressing: F:\dev\Tools\ing2ofx\..\jre\legal\java.desktop\libpng.md
   Compressing: F:\dev\Tools\ing2ofx\..\jre\legal\java.desktop\LICENSE
   Compressing: F:\dev\Tools\ing2ofx\..\jre\legal\java.desktop\mesa3d.md
   Compressing: F:\dev\Tools\ing2ofx\..\jre\legal\java.instrument\ADDITIONAL_LICENSE_INFO
   Compressing: F:\dev\Tools\ing2ofx\..\jre\legal\java.instrument\ASSEMBLY_EXCEPTION
   Compressing: F:\dev\Tools\ing2ofx\..\jre\legal\java.instrument\LICENSE
   Compressing: F:\dev\Tools\ing2ofx\..\jre\legal\java.logging\ADDITIONAL_LICENSE_INFO
   Compressing: F:\dev\Tools\ing2ofx\..\jre\legal\java.logging\ASSEMBLY_EXCEPTION
   Compressing: F:\dev\Tools\ing2ofx\..\jre\legal\java.logging\LICENSE
   Compressing: F:\dev\Tools\ing2ofx\..\jre\legal\java.management\ADDITIONAL_LICENSE_INFO
   Compressing: F:\dev\Tools\ing2ofx\..\jre\legal\java.management\ASSEMBLY_EXCEPTION
   Compressing: F:\dev\Tools\ing2ofx\..\jre\legal\java.management\LICENSE
   Compressing: F:\dev\Tools\ing2ofx\..\jre\legal\java.naming\ADDITIONAL_LICENSE_INFO
   Compressing: F:\dev\Tools\ing2ofx\..\jre\legal\java.naming\ASSEMBLY_EXCEPTION
   Compressing: F:\dev\Tools\ing2ofx\..\jre\legal\java.naming\LICENSE
   Compressing: F:\dev\Tools\ing2ofx\..\jre\legal\java.prefs\ADDITIONAL_LICENSE_INFO
   Compressing: F:\dev\Tools\ing2ofx\..\jre\legal\java.prefs\ASSEMBLY_EXCEPTION
   Compressing: F:\dev\Tools\ing2ofx\..\jre\legal\java.prefs\LICENSE
   Compressing: F:\dev\Tools\ing2ofx\..\jre\legal\java.rmi\ADDITIONAL_LICENSE_INFO
   Compressing: F:\dev\Tools\ing2ofx\..\jre\legal\java.rmi\ASSEMBLY_EXCEPTION
   Compressing: F:\dev\Tools\ing2ofx\..\jre\legal\java.rmi\LICENSE
   Compressing: F:\dev\Tools\ing2ofx\..\jre\legal\java.scripting\ADDITIONAL_LICENSE_INFO
   Compressing: F:\dev\Tools\ing2ofx\..\jre\legal\java.scripting\ASSEMBLY_EXCEPTION
   Compressing: F:\dev\Tools\ing2ofx\..\jre\legal\java.scripting\LICENSE
   Compressing: F:\dev\Tools\ing2ofx\..\jre\legal\java.security.jgss\ADDITIONAL_LICENSE_INFO
   Compressing: F:\dev\Tools\ing2ofx\..\jre\legal\java.security.jgss\ASSEMBLY_EXCEPTION
   Compressing: F:\dev\Tools\ing2ofx\..\jre\legal\java.security.jgss\LICENSE
   Compressing: F:\dev\Tools\ing2ofx\..\jre\legal\java.security.sasl\ADDITIONAL_LICENSE_INFO
   Compressing: F:\dev\Tools\ing2ofx\..\jre\legal\java.security.sasl\ASSEMBLY_EXCEPTION
   Compressing: F:\dev\Tools\ing2ofx\..\jre\legal\java.security.sasl\LICENSE
   Compressing: F:\dev\Tools\ing2ofx\..\jre\legal\java.sql\ADDITIONAL_LICENSE_INFO
   Compressing: F:\dev\Tools\ing2ofx\..\jre\legal\java.sql\ASSEMBLY_EXCEPTION
   Compressing: F:\dev\Tools\ing2ofx\..\jre\legal\java.sql\LICENSE
   Compressing: F:\dev\Tools\ing2ofx\..\jre\legal\java.sql.rowset\ADDITIONAL_LICENSE_INFO
   Compressing: F:\dev\Tools\ing2ofx\..\jre\legal\java.sql.rowset\ASSEMBLY_EXCEPTION
   Compressing: F:\dev\Tools\ing2ofx\..\jre\legal\java.sql.rowset\LICENSE
   Compressing: F:\dev\Tools\ing2ofx\..\jre\legal\java.transaction.xa\ADDITIONAL_LICENSE_INFO
   Compressing: F:\dev\Tools\ing2ofx\..\jre\legal\java.transaction.xa\ASSEMBLY_EXCEPTION
   Compressing: F:\dev\Tools\ing2ofx\..\jre\legal\java.transaction.xa\LICENSE
   Compressing: F:\dev\Tools\ing2ofx\..\jre\legal\java.xml\ADDITIONAL_LICENSE_INFO
   Compressing: F:\dev\Tools\ing2ofx\..\jre\legal\java.xml\ASSEMBLY_EXCEPTION
   Compressing: F:\dev\Tools\ing2ofx\..\jre\legal\java.xml\bcel.md
   Compressing: F:\dev\Tools\ing2ofx\..\jre\legal\java.xml\dom.md
   Compressing: F:\dev\Tools\ing2ofx\..\jre\legal\java.xml\jcup.md
   Compressing: F:\dev\Tools\ing2ofx\..\jre\legal\java.xml\LICENSE
   Compressing: F:\dev\Tools\ing2ofx\..\jre\legal\java.xml\xalan.md
   Compressing: F:\dev\Tools\ing2ofx\..\jre\legal\java.xml\xerces.md
   Compressing: F:\dev\Tools\ing2ofx\..\jre\legal\jdk.attach\ADDITIONAL_LICENSE_INFO
   Compressing: F:\dev\Tools\ing2ofx\..\jre\legal\jdk.attach\ASSEMBLY_EXCEPTION
   Compressing: F:\dev\Tools\ing2ofx\..\jre\legal\jdk.attach\LICENSE
   Compressing: F:\dev\Tools\ing2ofx\..\jre\legal\jdk.crypto.ec\ADDITIONAL_LICENSE_INFO
   Compressing: F:\dev\Tools\ing2ofx\..\jre\legal\jdk.crypto.ec\ASSEMBLY_EXCEPTION
   Compressing: F:\dev\Tools\ing2ofx\..\jre\legal\jdk.crypto.ec\LICENSE
   Compressing: F:\dev\Tools\ing2ofx\..\jre\legal\jdk.internal.jvmstat\ADDITIONAL_LICENSE_INFO
   Compressing: F:\dev\Tools\ing2ofx\..\jre\legal\jdk.internal.jvmstat\ASSEMBLY_EXCEPTION
   Compressing: F:\dev\Tools\ing2ofx\..\jre\legal\jdk.internal.jvmstat\LICENSE
   Compressing: F:\dev\Tools\ing2ofx\..\jre\legal\jdk.jdi\ADDITIONAL_LICENSE_INFO
   Compressing: F:\dev\Tools\ing2ofx\..\jre\legal\jdk.jdi\ASSEMBLY_EXCEPTION
   Compressing: F:\dev\Tools\ing2ofx\..\jre\legal\jdk.jdi\LICENSE
   Compressing: F:\dev\Tools\ing2ofx\..\jre\legal\jdk.jdwp.agent\ADDITIONAL_LICENSE_INFO
   Compressing: F:\dev\Tools\ing2ofx\..\jre\legal\jdk.jdwp.agent\ASSEMBLY_EXCEPTION
   Compressing: F:\dev\Tools\ing2ofx\..\jre\legal\jdk.jdwp.agent\LICENSE
   Compressing: F:\dev\Tools\ing2ofx\..\jre\legal\jdk.management\ADDITIONAL_LICENSE_INFO
   Compressing: F:\dev\Tools\ing2ofx\..\jre\legal\jdk.management\ASSEMBLY_EXCEPTION
   Compressing: F:\dev\Tools\ing2ofx\..\jre\legal\jdk.management\LICENSE
   Compressing: F:\dev\Tools\ing2ofx\..\jre\legal\jdk.unsupported\ADDITIONAL_LICENSE_INFO
   Compressing: F:\dev\Tools\ing2ofx\..\jre\legal\jdk.unsupported\ASSEMBLY_EXCEPTION
   Compressing: F:\dev\Tools\ing2ofx\..\jre\legal\jdk.unsupported\LICENSE
   Compressing: F:\dev\Tools\ing2ofx\..\jre\legal\jdk.xml.dom\ADDITIONAL_LICENSE_INFO
   Compressing: F:\dev\Tools\ing2ofx\..\jre\legal\jdk.xml.dom\ASSEMBLY_EXCEPTION
   Compressing: F:\dev\Tools\ing2ofx\..\jre\legal\jdk.xml.dom\LICENSE
   Compressing: F:\dev\Tools\ing2ofx\..\jre\legal\jdk.zipfs\ADDITIONAL_LICENSE_INFO
   Compressing: F:\dev\Tools\ing2ofx\..\jre\legal\jdk.zipfs\ASSEMBLY_EXCEPTION
   Compressing: F:\dev\Tools\ing2ofx\..\jre\legal\jdk.zipfs\LICENSE
   Compressing: F:\dev\Tools\ing2ofx\..\jre\lib\classlist
   Compressing: F:\dev\Tools\ing2ofx\..\jre\lib\ct.sym
   Compressing: F:\dev\Tools\ing2ofx\..\jre\lib\fontconfig.bfc
   Compressing: F:\dev\Tools\ing2ofx\..\jre\lib\fontconfig.properties.src
   Compressing: F:\dev\Tools\ing2ofx\..\jre\lib\jawt.lib
   Compressing: F:\dev\Tools\ing2ofx\..\jre\lib\jrt-fs.jar
   Compressing: F:\dev\Tools\ing2ofx\..\jre\lib\jvm.cfg
   Compressing: F:\dev\Tools\ing2ofx\..\jre\lib\jvm.lib
   Compressing: F:\dev\Tools\ing2ofx\..\jre\lib\modules
   Compressing: F:\dev\Tools\ing2ofx\..\jre\lib\psfont.properties.ja
   Compressing: F:\dev\Tools\ing2ofx\..\jre\lib\psfontj2d.properties
   Compressing: F:\dev\Tools\ing2ofx\..\jre\lib\tzdb.dat
   Compressing: F:\dev\Tools\ing2ofx\..\jre\lib\tzmappings
   Compressing: F:\dev\Tools\ing2ofx\..\jre\lib\jfr\default.jfc
   Compressing: F:\dev\Tools\ing2ofx\..\jre\lib\jfr\profile.jfc
   Compressing: F:\dev\Tools\ing2ofx\..\jre\lib\security\blocked.certs
   Compressing: F:\dev\Tools\ing2ofx\..\jre\lib\security\cacerts
   Compressing: F:\dev\Tools\ing2ofx\..\jre\lib\security\default.policy
   Compressing: F:\dev\Tools\ing2ofx\..\jre\lib\security\public_suffix_list.dat
   Compressing Setup program executable
   Updating version info (SETUP.EXE)

Warning: The [Setup] section directive "PrivilegesRequired" is set to "admin" but per-user areas (HKCU,userdesktop) are used by the script. Regardless of the version of Windows, if the installation is running in administrative install mode then you should be careful about making any per-user area changes: such changes may not achieve what you are intending. See the "UsedUserAreasWarning" topic in help file for more information.

Successful compile (17,437 sec). Resulting Setup program filename is:
F:\dev\Tools\ing2ofx\target\ing2ofx_v1.0.0.1_jre_setup.exe
[INFO] 
[INFO] --- exec-maven-plugin:3.1.0:exec (innoSetupNoJre) @ ing2ofx ---
Inno Setup 6 Command-Line Compiler
Copyright (C) 1997-2022 Jordan Russell. All rights reserved.
Portions Copyright (C) 2000-2022 Martijn Laan. All rights reserved.
Portions Copyright (C) 2001-2004 Alex Yackimoff. All rights reserved.
https://www.innosetup.com

Compiler engine version: Inno Setup 6.2.1

Preprocessing
   Reading file: C:\Program Files (x86)\Inno Setup 6\ISPPBuiltins.iss
Parsing [Setup] section, line 9
Parsing [Setup] section, line 10
Parsing [Setup] section, line 11
Parsing [Setup] section, line 12
Parsing [Setup] section, line 13
Parsing [Setup] section, line 14
Parsing [Setup] section, line 15
Parsing [Setup] section, line 16
Parsing [Setup] section, line 17
Parsing [Setup] section, line 18
Parsing [Setup] section, line 19
Parsing [Setup] section, line 20
Parsing [Setup] section, line 21
Parsing [Setup] section, line 22
Parsing [Setup] section, line 24
Parsing [Setup] section, line 25
Reading file (InfoBeforeFile)
Reading file (WizardImageFile)
Reading file (WizardSmallImageFile)
Preparing Setup program executable
   Updating icons (SETUP.E32)
   Updating version info (SETUP.E32)
Determining language code pages
   Reading file: C:\Program Files (x86)\Inno Setup 6\Default.isl
   Messages in script file
Reading default messages from Default.isl
Parsing [LangOptions], [Messages], and [CustomMessages] sections
   Reading file: C:\Program Files (x86)\Inno Setup 6\Default.isl
   Messages in script file
Reading [Code] section
Parsing [Tasks] section, line 30
Parsing [Icons] section, line 41
Parsing [Icons] section, line 42
Parsing [Files] section, line 34
Parsing [Files] section, line 35
Parsing [Files] section, line 36
   Reading version info: F:\dev\Tools\ing2ofx\readme.txt
Parsing [Files] section, line 37
Parsing [Files] section, line 38
Compiling [Code] section
Creating setup files
   Updating icons (SETUP.EXE)
   Compressing: F:\dev\Tools\ing2ofx\.\target\ing2ofx.exe
   Compressing: F:\dev\Tools\ing2ofx\readme.md
   Compressing: F:\dev\Tools\ing2ofx\readme.txt
   Compressing: F:\dev\Tools\ing2ofx\.\help\en\ing2ofx.chm
   Compressing: F:\dev\Tools\ing2ofx\.\help\nl\ing2ofx.chm
   Compressing Setup program executable
   Updating version info (SETUP.EXE)

Warning: The [Setup] section directive "PrivilegesRequired" is set to "admin" but per-user areas (userdesktop) are used by the script. Regardless of the version of Windows, if the installation is running in administrative install mode then you should be careful about making any per-user area changes: such changes may not achieve what you are intending. See the "UsedUserAreasWarning" topic in help file for more information.

Successful compile (3,062 sec). Resulting Setup program filename is:
F:\dev\Tools\ing2ofx\target\ing2ofx_v1.0.0.1_setup.exe
[INFO] 
[INFO] --- exec-maven-plugin:3.1.0:exec (innoSetupJreDown) @ ing2ofx ---
Inno Setup 6 Command-Line Compiler
Copyright (C) 1997-2022 Jordan Russell. All rights reserved.
Portions Copyright (C) 2000-2022 Martijn Laan. All rights reserved.
Portions Copyright (C) 2001-2004 Alex Yackimoff. All rights reserved.
https://www.innosetup.com

Compiler engine version: Inno Setup 6.2.1

Preprocessing
   Reading file: C:\Program Files (x86)\Inno Setup 6\ISPPBuiltins.iss
Parsing [Setup] section, line 11
Parsing [Setup] section, line 12
Parsing [Setup] section, line 13
Parsing [Setup] section, line 14
Parsing [Setup] section, line 15
Parsing [Setup] section, line 16
Parsing [Setup] section, line 17
Parsing [Setup] section, line 18
Parsing [Setup] section, line 19
Parsing [Setup] section, line 20
Parsing [Setup] section, line 21
Parsing [Setup] section, line 22
Parsing [Setup] section, line 23
Parsing [Setup] section, line 24
Parsing [Setup] section, line 26
Parsing [Setup] section, line 27
Reading file (InfoBeforeFile)
Reading file (WizardImageFile)
Reading file (WizardSmallImageFile)
Preparing Setup program executable
   Updating icons (SETUP.E32)
   Updating version info (SETUP.E32)
Determining language code pages
   Reading file: C:\Program Files (x86)\Inno Setup 6\Default.isl
   Messages in script file
Reading default messages from Default.isl
Parsing [LangOptions], [Messages], and [CustomMessages] sections
   Reading file: C:\Program Files (x86)\Inno Setup 6\Default.isl
   Messages in script file
Reading [Code] section
Parsing [Tasks] section, line 37
Parsing [Dirs] section, line 48
Parsing [Icons] section, line 51
Parsing [Icons] section, line 52
Parsing [Registry] section, line 32
Parsing [Files] section, line 41
Parsing [Files] section, line 42
Parsing [Files] section, line 43
   Reading version info: F:\dev\Tools\ing2ofx\readme.txt
Parsing [Files] section, line 44
Parsing [Files] section, line 45
Compiling [Code] section
Creating setup files
   Updating icons (SETUP.EXE)
   Compressing: F:\dev\Tools\ing2ofx\.\target\ing2ofx.exe
   Compressing: F:\dev\Tools\ing2ofx\readme.md
   Compressing: F:\dev\Tools\ing2ofx\readme.txt
   Compressing: F:\dev\Tools\ing2ofx\.\help\en\ing2ofx.chm
   Compressing: F:\dev\Tools\ing2ofx\.\help\nl\ing2ofx.chm
   Compressing Setup program executable
   Updating version info (SETUP.EXE)

Warning: The [Setup] section directive "PrivilegesRequired" is set to "admin" but per-user areas (HKCU,userdesktop) are used by the script. Regardless of the version of Windows, if the installation is running in administrative install mode then you should be careful about making any per-user area changes: such changes may not achieve what you are intending. See the "UsedUserAreasWarning" topic in help file for more information.

Successful compile (2,891 sec). Resulting Setup program filename is:
F:\dev\Tools\ing2ofx\target\ing2ofx_v1.0.0.1_jreDownload_setup.exe
[INFO] 
[INFO] --- maven-site-plugin:3.9.1:site (attach-site) @ ing2ofx ---
[INFO] configuring report plugin org.apache.maven.plugins:maven-surefire-report-plugin:3.0.0-M5
[INFO] 1 report configured for maven-surefire-report-plugin:3.0.0-M5: report-only
[WARNING] Report plugin org.apache.maven.plugins:maven-project-info-reports-plugin has an empty version.
[WARNING] 
[WARNING] It is highly recommended to fix these problems because they threaten the stability of your build.
[WARNING] 
[WARNING] For this reason, future Maven versions might no longer support building such malformed projects.
[INFO] configuring report plugin org.apache.maven.plugins:maven-project-info-reports-plugin:3.4.5
[INFO] 15 reports detected for maven-project-info-reports-plugin:3.4.5: ci-management, dependencies, dependency-info, dependency-management, distribution-management, index, issue-management, licenses, mailing-lists, modules, plugin-management, plugins, scm, summary, team
[INFO] Rendering site with default locale English (en)
[WARNING] No project URL defined - decoration links will not be relativized!
[INFO] Rendering content with org.apache.maven.skins:maven-default-skin:jar:1.3 skin.
[INFO] Generating "Surefire Report" report --- maven-surefire-report-plugin:3.0.0-M5:report-only
[WARNING] Unable to locate Test Source XRef to link to - DISABLED
[INFO] Generating "Dependencies" report  --- maven-project-info-reports-plugin:3.4.5:dependencies
[INFO] Generating "Dependency Information" report --- maven-project-info-reports-plugin:3.4.5:dependency-info
[INFO] Generating "Distribution Management" report --- maven-project-info-reports-plugin:3.4.5:distribution-management
[INFO] Generating "About" report         --- maven-project-info-reports-plugin:3.4.5:index
[INFO] Generating "Plugin Management" report --- maven-project-info-reports-plugin:3.4.5:plugin-management
[INFO] Generating "Plugins" report       --- maven-project-info-reports-plugin:3.4.5:plugins
[INFO] Generating "Summary" report       --- maven-project-info-reports-plugin:3.4.5:summary
[INFO] 
[INFO] --- maven-install-plugin:2.4:install (default-install) @ ing2ofx ---
[INFO] Installing F:\dev\Tools\ing2ofx\target\ing2ofx-1.0.0.1.jar to F:\data\.m3\repository\kwee\ing2ofx\ing2ofx\1.0.0.1\ing2ofx-1.0.0.1.jar
[INFO] Installing F:\dev\Tools\ing2ofx\pom.xml to F:\data\.m3\repository\kwee\ing2ofx\ing2ofx\1.0.0.1\ing2ofx-1.0.0.1.pom
[INFO] Installing F:\dev\Tools\ing2ofx\target\ing2ofx-jar-with-dependencies.jar to F:\data\.m3\repository\kwee\ing2ofx\ing2ofx\1.0.0.1\ing2ofx-1.0.0.1-jar-with-dependencies.jar
[INFO] ------------------------------------------------------------------------
[INFO] BUILD SUCCESS
[INFO] ------------------------------------------------------------------------
[INFO] Total time:  04:45 min
[INFO] Finished at: 2024-10-07T15:27:56+02:00
[INFO] ------------------------------------------------------------------------
